router: 1, pid: 15373, port: 42580 IP: 192.168.201.2
pkt from port: 55398, length: 19, contents: 0x65010034373167303862323065303863363236
fake-diffie-hellman, new circuit incoming: 0x01, key: 34373167303862323065303863363236
pkt from port: 55398, length: 19, contents:0x620100725b92f8986302fd9f783b13c364768
new extend circuit: incoming: 0x01, outgoing: 0x101, at 40331
pkt from port: 55398, length: 35, contents: 0x650100f68f7d2537c69ffe7c28106a62f63eb863364ebee2ff89f2e7a628ed32a1d067
fake-diffie-hellman, forwarding,  circuit incoming: 0x01, key: 0x310x320x340x620x350x3d0x670x370x350x600x350x3d0x660x330x370x33
pkt from port: 55398, length: 35, contents: 0x62010097744ea65458d96767aa55a32d4585f426411d79249f6fed7d199760cbed78
forwarding extend circuit: incoming: 0x01, outgoing: 0x101 at 40331
pkt from port: 55398, length: 3, contents: 0x630101
forwarding extend-done circuit, incoming:0x101, outgoing: 0x01 at 55398
pkt from port: 55398, length: 51, contents: 0x6501005324392a54a2efa965106176922822b36aebb65fe3ceeec3c57b95ec6fd7b8ffcccbe1fd4dae297fd363a5906a13b
fake-diffie-hellman, forwarding,  circuit incoming: 0x01, key: 0x4d0x620xffffffdd0x0e0xffffff970xffffff980x000x0f0x580x280xffffffb50x0e0x650xffffffe80x000x2b0xfffffffb0x260xffffffdf0x070xffffffbc0x150x5e0x100x4f0xffffffbe0x600xffffff820x180xfffffff10x420xfffffff8
pkt from port: 55398, length: 51, contents: 0x620100ab4b7197a6fa39727c782a85b628cdd139f51e3eab141711b9416378d291ee40d56b9cb86aa1d6703c6c4889154
forwarding extend circuit: incoming: 0x01, outgoing: 0x101 at 40331
pkt from port: 55398, length: 3, contents: 0x630101
forwarding extend-done circuit, incoming:0x101, outgoing: 0x01 at 55398
pkt from port: 55398, length: 67, contents: 0x650100ec65fca5f2ec4833d52359abb898de51e45397414f6806d89eb19863e232d399dcf827d88fb03c3352b45c5c8fa5d8e3aee374d4675f4381de1467edb81
fake-diffie-hellman, forwarding,  circuit incoming: 0x01, key: 0x420x640x710xffffff920x570xfffffffd0xffffff8d0xffffff8a0xffffffd40xffffffe90xffffff830x7d0xfffffff30x640x480xfffffffb0x5b0xfffffffa0xffffff850xffffff8f0x7b0x2f0xffffffc50xfffffff40x230xfffffffe0xffffffee0x390x690x750xffffff890x760x580x270x500xfffffffc0xffffff960x1a0xffffff920xffffff8b0x550xffffffba0x7e0x1f0x000xffffff970x590x4c
pkt from port: 55398, length: 67, contents: 0x62010018fff222e33f1bd988eb45ee227598e4b62f62cc7ea38ca6a90524be2915a651dbf68c7a774a6b827fe05d2c65a5b32c3793167f5625ed99a8364a4fe2a0
forwarding extend circuit: incoming: 0x01, outgoing: 0x101 at 40331
pkt from port: 55398, length: 3, contents: 0x630101
forwarding extend-done circuit, incoming:0x101, outgoing: 0x01 at 55398
pkt from port: 55398, length: 83, contents: 0x65010058eeb0784a7f495ebe2c7b7d2c56ef9399d75bad14ebd4ec47b9e2ef9ebaeccbbe855b0ad7b80558471652e4ff39bcb51aa27f021d06fb32922c886f6335251c248211a1bf9634a135fd5e3b4db8
fake-diffie-hellman, forwarding,  circuit incoming: 0x01, key: 0xffffff8a0xffffffce0xffffffd80x450x2a0x2e0x270x1f0xffffffc10x1d0xffffffd20x440x210xffffffb70x6d0xffffffe20x230xfffffff70xffffffcc0xffffffb10x060x280x3d0x000x5a0xffffffaf0xffffff870x440xffffffee0xffffffd80xffffff990x240x1d0xffffffc40x230xffffff820x1b0xffffffd00xffffffa30x2c0x7b0x5c0x390xfffffff30x640x4c0x160x7d0x640xffffffea0x6f0xffffffcf0xffffffca0x7a0xffffff990xffffff990x150x310x2f0xffffffdd0x750xffffffe40x2e0x7c
pkt from port: 55398, length: 83, contents: 0x62010052a557d66df85465cc3fe0e26e8a28bc70c5447c7b63157de1f74cef5ee6dd0a879e4aebd455baa583d7795bb45183aab81306f8dbada58af1f29b7315a7195e8fa88a11abbf145e686c6ebb99838
forwarding extend circuit: incoming: 0x01, outgoing: 0x101 at 40331
pkt from port: 55398, length: 3, contents: 0x630101
forwarding extend-done circuit, incoming:0x101, outgoing: 0x01 at 55398
pkt from port: 55398, length: 163, contents: 0x6101018746bf56422484bc3c3c6f3423e8f69ca51e1dd57f57f2edbc71131b8c39245f08801fe39c6d32ee29fa543955b64a9fc5b428aaebe0a768deba323dac7272d508c42cd830fdbf8d522ad2dd2c5389becdf123f65d9ef961a586bb66de7bcd65d38f9284ce5e3d64b736075b5cd6cfbb9ad159d2ad30dc854aec9327b626e8cedb5825a306978ede327b1411142b7ac14c9d3587d51c421adbbee
relay encrypted packet, circuit incoming: 0x01, outgoing: 0x101 
pkt from port: 40331, length: 147, contents: 0x640100359a5325ef3eef2247eb5223bbb2de14dd7c16641101d292429dd139ece9e88464877729455049b580119ae57877f9896619592d053ed4399b2966a7e9bdb25e21e307f7becd2e9fa8ed254e446ac11d28211485d1351359597e8ab6d71020999051f1ee4c2b23d1bc282b0e2949bd99f1fcd37a48c4db560459dfef24699c644d442928503e2c8a7697
relay reply encrypted packet, circuit incoming:  0x101, outgoing: 0x01 
pkt from port: 55398, length: 163, contents: 0x6101017c365b813b44b384b492d6363b193442259bae977ac8d7bfbfc32a9a0bcdb216a493c3f0c7dc3d34375e8931d64eabdd1acea5146f6a7934279666b5b2864d64e16cfbcc72bb335d775547cf20f4f48839413013a35a5b46383592b0b6ebbd2240be99594d6a9844edaa5d5cc6ef1a9df46bb32bbe8481157fb267e721b281fd2c3b7342ddbbcaec6b79239ea7293e70e478903b4dd059b85ea3bf
relay encrypted packet, circuit incoming: 0x01, outgoing: 0x101 
pkt from port: 40331, length: 147, contents: 0x6401006839cf1b148ae8aaa47b33189e3acddd48f8b716a080d35b61cd72e7a2eb182eda531ed5f7a059ac82dec269a85994af572ecb8a44938715242d88bd49c738d081fed414bed92c2925b95d98146f8bb772a35c5fdc750ad6b56cbf1eb66328e4147fca342ae0d0e08d6e5f699e51918917c1593e5f32202ad960e644e2ef8d29532e354d7e11b23f023f922205126
relay reply encrypted packet, circuit incoming:  0x101, outgoing: 0x01 
pkt from port: 55398, length: 163, contents: 0x610101e427fdcd4fdc79f86cdd2fd72ff8ae596b89e9e75326f8ca11cea8bb2dd935c78a56bb6ca6f6831cd75bb80289b79b1ec16c23524da20aa2ff2f6d467024d257c62da0b923cc8377cc15a5abb79c67961f15d846953f2b1b8c979f8772d3c4bf031262af6884d9bdefcb24ba4245896e88ca99f5130ed273cc077bbfd045c6c7c2f4a32cb368367db35e71147fa3d26aab32c8be6912ec
relay encrypted packet, circuit incoming: 0x01, outgoing: 0x101 
pkt from port: 40331, length: 147, contents: 0x640100a3c782a87a76361f6c8ccea46692b13afe228b32039dccfa61f7bc32e3dec291c4111f3e83b6eca3a423f892ed9db938d4ca1416dc3bd37ae78a2d5627826a5dae8e50625179e514b282c1209f6b4331a4709d25332d2f4ab5b6c4ae1efe3b957ad2020656a50422fbe786c94857e41767575a0e4ac1b7c3dc42b63acbb96fc58ab8f765f7436b8b548aec3a
relay reply encrypted packet, circuit incoming:  0x101, outgoing: 0x01 
pkt from port: 55398, length: 163, contents: 0x6101018824c6b6dc40d227503edf6d9f97d1afef52e92ff5ee1a21476c2594462d42879ee597bab2dce34b791edfd69dfaa4c114b78a4d7423fed384f39cedc5486c311f52a84d639158a262544cf749f9d699571d69fc010f53d65da87785bbe3a277352189185b24de59f50d0d5977ac5ecdcc6c3ef2e22c77c79a3272ee6e11ea9891c573ca0921d6596da279be42c0ee17e133275a64fb95e43c25d6b6
relay encrypted packet, circuit incoming: 0x01, outgoing: 0x101 
pkt from port: 40331, length: 147, contents: 0x6401001062dd16e43781e10bae7b46feb4fd9bdea242b5188f65e68f9de27c7f4795d6fa306ca33cab86c618cdf377c9a8178d9b718769a22cf13401fe4983da9a44361df1a958874cd44c01d589fc57af217b337ef44f8e720eed4c2546234e825b2d8fa5f2daf3c6ab27df392e4940d95de1a682c6f7cd0cdb312943d3fe13fe62f2327bee7d19ab786fe70da7b47
relay reply encrypted packet, circuit incoming:  0x101, outgoing: 0x01 
pkt from port: 55398, length: 163, contents: 0x61010172dcb435a7349840bb4a8e645a52c66486b2b97386b3e779ce37f67f14db059b46a6543e1bfb18462341f4eb2a487dd4e2922fe1c6136ffc03845cb3bd9f2f92fffb31f99ab4261e463e160a2e1a373a04fa4f7f8b71310c8722cd8c6dff1a3cced45e9e6b2ad74803ab97ffa71324345bc2a4da628767ead74d1fd50be35e8433f03a19bd23ed3e2793b72daf2342418d48ebd64e1fd1873
relay encrypted packet, circuit incoming: 0x01, outgoing: 0x101 
pkt from port: 40331, length: 147, contents: 0x640100d67e4c6de862a158427eb87879d5874d82b177dec65db0b7904addf4715640d35a42c095ace9126325247f2ac125cce5861c74788efe1a6e3453f069ec24c63661b1534aac99fe22ce55a35aea58243ebb138e8374cf02e6df8fbfb5bdfb9bbaf393ce88f32df31eb2b365a2758563ba32b6abb3433992b832239dc61da4552f1992bdfb683318b8924622fa
relay reply encrypted packet, circuit incoming:  0x101, outgoing: 0x01 
pkt from port: 55398, length: 163, contents: 0x610101ee49989c41c05be54c4e4c7593a66e2a3621271102746a5d211bdec26d2ea99917d6c282f2345dca9aa661b9c681f5a8cfc78b6039873bf111749ab923bebaff7d6dd4e55d701fe2d5146f7644cf26b332e9ab31653f12eb45912debd319dba1b2efffd24d25643f6e9cab6369c6719d19a63fd42976163b42c888afcd1b74e2e4caaf776c33101852ef787142a1bffddfb1330f9e7ff37e11c6
relay encrypted packet, circuit incoming: 0x01, outgoing: 0x101 
pkt from port: 40331, length: 147, contents: 0x6401006ff8f2925d2d3427ba2ea8646d799a29f0f7403042779435b5d342a55c3ee7ff4cb455ade43766df315c4a334671bc8ec2feac262b96cdcee2ff98eb57338d081dcf8861c33da1787774a7938dbbc5fd487f4fb5e37667203a61a737eda8de6e5c74848f46460f0f78c7c67657f5d78714cbab55ba49d2b7e76cfe4ba80b22578a6bd379772c132eff2e45b
relay reply encrypted packet, circuit incoming:  0x101, outgoing: 0x01 
