router: 4, pid: 15376, port: 40331 IP: 192.168.204.2
pkt from port: 42580, length: 19, contents: 0x65010131323462353d67373560353d66333733
fake-diffie-hellman, new circuit incoming: 0x101, key: 31323462353d67373560353d66333733
pkt from port: 42580, length: 19, contents:0x6201014e468daac99a86a687c8d295199b4e26
new extend circuit: incoming: 0x101, outgoing: 0x401, at 58707
pkt from port: 42580, length: 35, contents: 0x6501014d62dde97980f5828b5e65e802bfb26df7bc155e104fbe608218f142f8
fake-diffie-hellman, forwarding,  circuit incoming: 0x101, key: 0x370x340x320x640x330x3b0x610x310x330x660x330x3b0x600x350x310x35
pkt from port: 42580, length: 35, contents: 0x620101925f037107483a91974b27ceb8c5413d655af63cfbb134e3ece8c84d56049
forwarding extend circuit: incoming: 0x101, outgoing: 0x401 at 58707
pkt from port: 42580, length: 3, contents: 0x630104
forwarding extend-done circuit, incoming:0x401, outgoing: 0x101 at 42580
pkt from port: 42580, length: 51, contents: 0x6501014264719257fd8d8ad4e9837df36448fb5bfa858f7b2fc5f423feee3969758976582750fc961a928b55ba7e1f097594c
fake-diffie-hellman, forwarding,  circuit incoming: 0x101, key: 0x050xffffffdf0x4c0x360xffffffe00x6c0xffffffe60xffffffe50xffffffb90x200xffffffa00xffffffd40x200x160x670xffffff9e0xffffffa70x6c0xffffffb90xffffff860x690xffffffab0x0c0x250xffffffdb0x520xffffffcc0x0d0x2d0xffffffb20x4b0x03
pkt from port: 42580, length: 51, contents: 0x620101ad3e1c9fffbd5b6359f84faa9b43c87bb647d5fd5e5e4a5d12fe3f3ec0fe3b8af3c8213bdb22c495d1f35927d4331f
forwarding extend circuit: incoming: 0x101, outgoing: 0x401 at 58707
pkt from port: 42580, length: 3, contents: 0x630104
forwarding extend-done circuit, incoming:0x401, outgoing: 0x101 at 42580
pkt from port: 42580, length: 67, contents: 0x6501018aced8452a2e271fc11dd24421b76de223f7ccb16283d05aaf8744eed899241dc423821bd0a32c7b5c39f3644c167d64ea6fcfca7a999915312fdd75e42e7c
fake-diffie-hellman, forwarding,  circuit incoming: 0x101, key: 0xffffffcf0xffffffc50x7c0x730x4c0x330x380xffffffa20xffffffe40xffffffde0xffffff970x410x520xfffffff80xffffffa60x3f0x2a0x740xffffffdd0xffffffc90x230x610xffffff960x780x330x450x100xffffffd60x050x3c0x4f0x660xffffff880x240xffffffc90xffffff980x550xffffffd60x3d0x6b0xffffffb70xffffffe40x610xffffffae0xffffff8d0xffffffa20xffffffb50x68
pkt from port: 42580, length: 67, contents: 0x6201013f98c1e4f1c9df64f3c6c730407b797fc69525a243d815a1d3db315dd41a8df611bd9e43f9f3fd6d3345dfc960c818b0c57522bf2e7d9b31392889e5d0cb
forwarding extend circuit: incoming: 0x101, outgoing: 0x401 at 58707
pkt from port: 42580, length: 3, contents: 0x630104
forwarding extend-done circuit, incoming:0x401, outgoing: 0x101 at 42580
pkt from port: 42580, length: 147, contents: 0x6101049188ab70e6ac3faaf397c6f89a40d9f68a896efdc69535cf668788a61ce4174142118e9f71521da17539d7f6ec37db226b9e775a62db5cfa30a110e6d8cfe34da5bd8d7ed49566f9296e2c181a72a5534b27b3c1728480cf6918c7b112e0c1ab919d25ecf160ae1473617663e4a69a2f11e1811b8111fa505f91ec1081515fde3426a8506b185de13ab0719c
relay encrypted packet, circuit incoming: 0x101, outgoing: 0x401 
pkt from port: 58707, length: 131, contents: 0x6401012c1288ef62e7ec3a6164d6466cca271f5c871b5fb95143705331db21d245d2975074a34da4af8d32579f6a6b717f97698e2ffaf3193102d5caca43595fe6d5d81f89f5741f98d4455e38eda8437e9fee51ee7c8acd09477f1861adb29ed2e401cac72fc13418d5c9768a26d6b8013eaa5606f77aef7aad0a4537fb7d1
relay reply encrypted packet, circuit incoming:  0x401, outgoing: 0x101 
pkt from port: 42580, length: 147, contents: 0x610104ca368204a3848605410dfb94334c11dbdcb83b7bdb46640665ad5d7d61615737f6a85cdc02b37309180119d43d29833e56373ae2bb1a3e23a1d8af1a22e614561bafb1985b77c69cd92b86255336d14a7e725e30841dbcea6bc7f2c7518826924c3b7222c278d43921f9a858823ab2f125e37114e7bb43f4cd72482c422628689a966e281341f9f54331cdb722
relay encrypted packet, circuit incoming: 0x101, outgoing: 0x401 
pkt from port: 58707, length: 131, contents: 0x640101a79ae2a1cf27a7c8df99a2ceed297289d6aaeae62daea2a7637ebdc341581b2ffd2b41b57448849232694ead3f447f925d77c621bc89becc1961049a88df9eb856eaa50d3ac76738d12d6b43689554ab9ca9581ef38e2207affc9e49c4a18a8acb2b544b59ef80746e12728b964074aa2379eeb49f96d8a61a21b9a32
relay reply encrypted packet, circuit incoming:  0x401, outgoing: 0x101 
pkt from port: 42580, length: 147, contents: 0x6101044b23578c954813d19b6b101daee2eca66feb5a84b6693b8a93ba810ce9fa7763793b06b1abda7aaae6f497e8adf652131d2074771238f5d018998f7e47509642b05ea7506fadbe4b25109e2b44894e886833c88b4342eff942b9b852e47186bf4544ef5e26241ec16d555731132f35385fd6edc90a5bae432fdd51278dd270e724cce3e1f435abc4b2ecae
relay encrypted packet, circuit incoming: 0x101, outgoing: 0x401 
pkt from port: 58707, length: 131, contents: 0x640101cbb431b1436bcb8684e218633954e75a6fa6568fc2956cc179c6d0f857a27c2cfeb99e55bd25c145a618192742e1bbb3f09c313fc99620c916ad5c8dcb75b5b1753f649cb5aea4e182bbe7a72cf858357a13d1e8241bd5cc3d8a0e6c26ea95ba1bdf54d34f94bb07e6ed3b6618fa6e445a92118bf64a3d4c0687a7e6195
relay reply encrypted packet, circuit incoming:  0x401, outgoing: 0x101 
pkt from port: 42580, length: 147, contents: 0x610104d0dcea41ce565fc2182f692d949f676546543e8eb9ff1487e8cc7b413c9fa09e85c256928cdb6fa83fe5911c63ff46ddcd4ad5f3d5784b347dd15a66048866dc2b1bed074ca6fabc69f1da96bc7ff38cef733a95ef1b2fdfc2f76927e98ba69752d31fab31d116e9b92d6eab2edb6e8a4f6d48334af53a22e5b941a6a682c5ed6d8b6f5651d9dc214bc8
relay encrypted packet, circuit incoming: 0x101, outgoing: 0x401 
pkt from port: 58707, length: 131, contents: 0x6401011ac9c9b2b0cf5526e76d255656a0f0f793a07abbdd12379c92dbadaed32965512dc7cacc8e7f81dec7154c51de87535b6059b575de1847c5d31f192d501f4d877c2c22cf6078a54448f2f39503377b0ab24a755d14e1f5290bb60b62c997688eddf2b4775bb85b6e85b93ddc10a14538e126714622a928ed3f496802c
relay reply encrypted packet, circuit incoming:  0x401, outgoing: 0x101 
pkt from port: 42580, length: 147, contents: 0x610104571e811db06cd59e6cc47781b1fb7af9c9f3bd2c201b89b8647bd4b51dd98dfcc96bbabae4c409c97df2accb2ef9288eaa6c08e4542da81eb84e6eb1fe37ceabcc63868d9e83d39b27d4b601dac9ba175a5768238b2b87556277e45f1a4e6a70dcbf23d1f377bef2829b625906e8899b8c84e5ec072f745c77a3cdd133fd7b730333f875d28e3babab8d32174b1
relay encrypted packet, circuit incoming: 0x101, outgoing: 0x401 
pkt from port: 58707, length: 131, contents: 0x640101b3561fbf64216717bc4b4ba6ac954607b5ea49ce1c763ac2af9fd7647134d7393efaea981691c7e58e256f0722f6f31295272c8d962270632c2d2dbaeb348bd6533d9d12f2a535ed738ec10ed641b8d4d821f2380c31652c0764f29d7a9a24166cf0aebde3c04309ba45b887ce8f074f951c8ae7dc86421f23036
relay reply encrypted packet, circuit incoming:  0x401, outgoing: 0x101 
pkt from port: 42580, length: 147, contents: 0x610104939c51a659ae910c5c2c118b47af224d690191b71fa839ed89d6da3b5c198a3427c65e28691ea6bc7e347858f2b7e6d5a309a7c7be1101b84753c77fe6ef95e868ec838dbd12423b713b94ea59c6455b110ac7f946ae46bf9413e63cad0382a5544233a2a4891c2a3c25ad5335d5eec2389e4c675d166d75d1dc1693ae40a6e2f53998bdc2cd410fe82247
relay encrypted packet, circuit incoming: 0x101, outgoing: 0x401 
pkt from port: 58707, length: 131, contents: 0x640101684962ae94799c248f58c6f16468a3443d9acee2793899eb95652f1b8282f728cad0a1f7689f3ddf0e4bf6912954e40e18a9be6b18d79437097cf215f7216791ee146c17b29e1beb59c5149c98a04b9c9494a2a1e23bfc4cd87a19272472e9d117717dfa1bdc6492255c9dbca8cb86d7155d68731c6abcb15d9a7b37b70
relay reply encrypted packet, circuit incoming:  0x401, outgoing: 0x101 
