router: 5, pid: 2883, port: 35536 IP: 192.168.205.2
pkt from port: 57108, length: 19, contents: 0x65010034303d3c33633d313533306161673261
fake-diffie-hellman, new circuit incoming: 0x01, key: 34303d3c33633d313533306161673261
pkt from port: 57108, length: 19, contents:0x620100eb92b647521529b1f758fd58060b879
new extend circuit: incoming: 0x01, outgoing: 0x501, at 34752
pkt from port: 57108, length: 35, contents: 0x6501008d4064aa1b9e504a59fac2ec11a49d53f53c6e8f35330a3665cf413048d687
fake-diffie-hellman, forwarding,  circuit incoming: 0x01, key: 0x330x370x3a0x3b0x340x640x3a0x360x320x340x370x660x660x600x350x66
pkt from port: 57108, length: 35, contents: 0x62010088c79055f4426e90ef6fb6294aa32436a629887dde0f568f1624dc527d5c3
forwarding extend circuit: incoming: 0x01, outgoing: 0x501 at 34752
pkt from port: 57108, length: 3, contents: 0x630105
forwarding extend-done circuit, incoming:0x501, outgoing: 0x01 at 57108
pkt from port: 57108, length: 51, contents: 0x650100f2081c2fea1edb0722d5ac272646d9bbb34a5cb32bdd09220b32d48aa54d3d0897a1884607fad14a7a1a1dfa4fd813
fake-diffie-hellman, forwarding,  circuit incoming: 0x01, key: 0x1e0x130x5d0x3d0xffffffe40xffffff920xfffffff70x250xffffff980xffffffb80xffffff910xfffffffd0xffffffac0xffffffb90x470x110xffffff880xffffffb90xffffffb40x420x020x460xffffffcc0xffffff8c0xffffff890x320x3f0xffffff9e0xffffffb40xffffff870xfffffff80x6d
pkt from port: 57108, length: 51, contents: 0x620100e9de8711053908c82f8e4abde3fcf4bb1c1e9a56f6c7491cb95c906f377f889aeec64bf922584aea21905967a7c523
forwarding extend circuit: incoming: 0x01, outgoing: 0x501 at 34752
pkt from port: 57108, length: 3, contents: 0x630105
forwarding extend-done circuit, incoming:0x501, outgoing: 0x01 at 57108
pkt from port: 57108, length: 67, contents: 0x650100143322ec63f04ffa6ddb0e83ababe3dd18301db223fe1a123b6c9ef80a1c99f7f2347f0d172bb7a8722a387797927ce9a77cbee8bacafe1294f3f92593
fake-diffie-hellman, forwarding,  circuit incoming: 0x01, key: 0x380xffffffea0x4c0xffffffc00xffffff8c0xffffffac0xffffffef0xffffff940xffffff8d0x700x260xffffffb60xfffffffb0x290x480x570x1e0x130xffffff8e0x4e0xffffffbf0x1e0x0a0x020xffffffe80x5b0x4a0x5c0xffffffb50x150xffffffab0x050xffffffcf0xffffffb60xfffffffb0xfffffff30xffffffd10xffffffd30x770x600xffffffff0xfffffffa0xffffff8f0xffffff880x2b0x760x070x49
pkt from port: 57108, length: 67, contents: 0x620100b67012cf7aa0bca8f7788c415077e12b3b355942e6cf43f7315dea9b66020adeabe72715229ea8bd63c08aa174d3faadef0236ff2d4adadcfb2248c627eb
forwarding extend circuit: incoming: 0x01, outgoing: 0x501 at 34752
pkt from port: 57108, length: 3, contents: 0x630105
forwarding extend-done circuit, incoming:0x501, outgoing: 0x01 at 57108
pkt from port: 57108, length: 83, contents: 0x6501004aa2f2aac65441ff4dc7d4bb4a358b42ca6ddd5d9e1c5ae4e76a08221d5e14cb7e71ca06cfd3b479732e5b8b741c55ae4882114caa9406ad6bfd7f6b3759eaee86fe5ded14275bf563a3f1d6a4
fake-diffie-hellman, forwarding,  circuit incoming: 0x01, key: 0x5d0xffffffa80x610x3c0xfffffff60x590x3f0xffffffcb0x440x060x160xffffff9b0xffffffdf0x1c0x040x200xfffffffa0x3d0x230x7d0xffffffd40x6c0xffffffdb0xffffffe50xffffffab0x260xfffffffb0x270x040x4f0x190x710xffffffe90x5a0x7e0xfffffff80xffffffc10xffffff870x0d0xffffff940x370xffffff800xffffffff0x480xffffff900x0a0xffffffab0xffffff930x2d0xffffffe10xfffffff00x7e0x640xffffffb70x320xffffffd30xffffff830x670x4a0x070x670x0a0xffffffcd0xffffffe4
pkt from port: 57108, length: 83, contents: 0x620100cc95e235fd165172d22de4a0b5b95397aedab90c72fe1b47a9b402a36274ede49f8842ffb6c462ffc7a8acde3b78d35dd44905e4be1acc76f8c33142e6f25cc124618dbb9369186ce124683132d
forwarding extend circuit: incoming: 0x01, outgoing: 0x501 at 34752
pkt from port: 57108, length: 3, contents: 0x630105
forwarding extend-done circuit, incoming:0x501, outgoing: 0x01 at 57108
pkt from port: 57108, length: 163, contents: 0x6101052aede7622dee275dd3997ecd19cb74f19f271d4134bbefdb2534fa7b8e8c84f955c6cfdc6c31c5e6a1d5e356d027e9436771151c78e742e85e8b9f9333ebb3435da7a2c8ab356512e1b5aaafdec703f7377b7878ccc2da24e2fce44abf45e60ee121433def3d9385ec3aa2489f8271331093f4b49b26d4655fb8bfcceed0ec11ce7f88efed5ed8e683237288afcd678b8bb4f3f2e4a8386e41ac41
relay encrypted packet, circuit incoming: 0x01, outgoing: 0x501 
pkt from port: 34752, length: 147, contents: 0x64010039e673f48bc36027774c4fb55dc73e5394a64ef087fca6793328f3a7122e0ef78495f912616772a5e7bf14680b1c2604160ac8b3eb7adec89a5f61f4967b938104ad196e6cb33ec6f7c88e9725a97ddf92bddf9581c3af38f820ca0b04d11574bd02bc8aa4e70c44a4e3ec6273f97d0352f525b58eb1210b0b7d83718a549e4569967172fa273211df1635
relay reply encrypted packet, circuit incoming:  0x501, outgoing: 0x01 
pkt from port: 57108, length: 163, contents: 0x61010523bdc7fab05d7db01af42916d59f271a50c29109f9f46f87383b5b0cfb5743c6f1475538eff605fcddcd17d768096bcccdaa2dd8b1099ddcfc1f27a1e348d015840fa3412b2d1df2067b86337312e6a9b3a90549872bf21c6d0cb3fe8cd7db356f756f27c4dbfb67f48d3d998a3972ce91829801caa7f8ffc2feb258c627a42196168dd85296139467e661b2030ad458098c9e2ecd53919d7f351
relay encrypted packet, circuit incoming: 0x01, outgoing: 0x501 
pkt from port: 34752, length: 147, contents: 0x64010023adb82670715e2cc5e4f9f5bf60695d1159e47c67767feb5a518cbb33d2a73002dfa888d8f2f2d3f4d313557a50c5d4913db37dcb742e97989c528a44d5e2ec1dbeec4cc6f5df2286c0faf2cd42cd9fdc987276d36a4b7bdefe609312d8050eb9c3ca0c163d3483eef276b85cb4c30a6fb0c48f897813dcea86d5ff80501e8c34daa431111c57b843837c70
relay reply encrypted packet, circuit incoming:  0x501, outgoing: 0x01 
pkt from port: 57108, length: 163, contents: 0x6101058f976d4a824220882b5f16d55a13e22b9ab098f0f39c87ddc51d248625765cbc7a398c64db26cedf17fa9b715fe594799796b0f5f76bbe878bdc7e624faaca54520733cf24c2779c596e226414e858a6b1e34353e374f47b28784fe641ca521c83fa6566ac7eb2ba7ec5f2d8e3fc85599dc40c8f5fc132e8e28622a737354183d75c89620eb8027e2bc46f0b52d03356deaa37d4ced66130a4141ec
relay encrypted packet, circuit incoming: 0x01, outgoing: 0x501 
pkt from port: 34752, length: 147, contents: 0x640100f82d5c6ba897cda863af5f0a9e5ad9ceae3ccbbfdd873d86693ebae76fa3b60919017dcddb9efbbcb9f972b17c9bb39c9cb2975e9a51b91ba22d23593e9446b5a9880e93471a2d0136a4e27336190eaf45e9bbca8242e8f83254e197d262c620cfeb5969f58d8d8c4be107f814ff55f2694b2311b3acfe2abd3bb13720887728a1ef95fd6aa6bd0c2cd0f7
relay reply encrypted packet, circuit incoming:  0x501, outgoing: 0x01 
pkt from port: 58273, length: 19, contents: 0x65020137603d3d3c613d6133643760353d6734
fake-diffie-hellman, new circuit incoming: 0x102, key: 37603d3d3c613d6133643760353d6734
pkt from port: 58273, length: 19, contents:0x6202018b5235d7ce479ba8cb2a103ed7db636d
new extend circuit: incoming: 0x102, outgoing: 0x502, at 52675
pkt from port: 58273, length: 35, contents: 0x65020119aeae79fd1e9c983836584282815a5475f6dd92d2fa23e5f1570c3486386
fake-diffie-hellman, forwarding,  circuit incoming: 0x102, key: 0x310x660x3b0x3b0x3a0x670x3b0x670x350x620x310x660x330x3b0x610x32
pkt from port: 58273, length: 35, contents: 0x62020166772ed7ab367cc8257e1b38109462689dfb4199927b4fef87b48f5904f5
forwarding extend circuit: incoming: 0x102, outgoing: 0x502 at 52675
pkt from port: 58273, length: 3, contents: 0x630205
forwarding extend-done circuit, incoming:0x502, outgoing: 0x102 at 58273
pkt from port: 58273, length: 83, contents: 0x610205ae525f3b4859a831dd8255cbaff559cb28d2c7cf74be12ed6bf1c7ab58385e677d5689586de845123390cb5525f2c5ca6b30c342a596638c446d8848e9ccd9a7b18e3877b39ac06c2c8ad83165
relay encrypted packet, circuit incoming: 0x102, outgoing: 0x502 
pkt from port: 52675, length: 51, contents: 0x640201f7878cfb71d4c7bcf91b379ef55741c1ed842860acab5457f5836ec642e0d3462df55b93c9d662a9fc264e9eb204e
relay reply encrypted packet, circuit incoming:  0x502, outgoing: 0x102 
pkt from port: 58273, length: 67, contents: 0x6102052fc350fbffdcef2edff43cb1e8cd330b57039c92bbff793417459ae6144050122b705f7090b7364a3f5d3126a1c8f15bab46e51a2cda6d1c15465d170b717
relay encrypted packet, circuit incoming: 0x102, outgoing: 0x502 
pkt from port: 58273, length: 67, contents: 0x610205cea72d9ed6ef3083d0ea5fa362b8042012ae55bd139b3071321d65537e5ebd8dba2e3959e8fe19fb96e8a4c17624fdb3c55efc3c6693b3342689068eb
relay encrypted packet, circuit incoming: 0x102, outgoing: 0x502 
pkt from port: 52675, length: 51, contents: 0x64020152481a8963be34a7e79457127a7e12ec2f556a2331bd27bc5ac5fade3fcd69acc0a22fd6f7132e4eb8b79ee9c397436
relay reply encrypted packet, circuit incoming:  0x502, outgoing: 0x102 
pkt from port: 58273, length: 67, contents: 0x610205b173cba0385288cb898cc832575110cd1d43eb4354ef9f3320805d695d8060afdc2a734831dadee9ed47b2c603f3481f34ef59fe227f59fff8f27e94c4434fb
relay encrypted packet, circuit incoming: 0x102, outgoing: 0x502 
pkt from port: 52675, length: 51, contents: 0x6402015028a2520c644933d74437bfab027f9a01e4768943c16f55996b7de382dded7fb45a1a4c24abf4977a8173919a7a1f
relay reply encrypted packet, circuit incoming:  0x502, outgoing: 0x102 
pkt from port: 52675, length: 51, contents: 0x6402019d24e10c695e92e6a2e789d69e976585c88c61d317af2db35b948e888cf62da57d7d010da25f09e66bcce78711511
relay reply encrypted packet, circuit incoming:  0x502, outgoing: 0x102 
pkt from port: 58273, length: 67, contents: 0x610205bec95d6819ba99a108a086d8ea47317a84592cb441dcb0165195745986dd2181e150e0657cdd15edd9fe4440c56eb2af9c53b4c1bd6d1d783e5ec99781a
relay encrypted packet, circuit incoming: 0x102, outgoing: 0x502 
pkt from port: 52675, length: 371, contents: 0x6402011223b19d2735c6a0c48bacd77426aed7bcb25c678f5bb8ebbf46c9d0fcd1eb0d3754e68aa4668723f629fa5f5fd639ef5961b7ccb3bd90bc343b1722da5c5a3610f618e031d552af963eca4c6d275184c85f23e3ec15de1656e6770cb581fbcb5642b6ac289c5bab7f5d1d707aae325ad53c9929f4e47bee11e51b53f912759b93585712a69ee4ace814a53149c1cd823d4d2bf82e6cbc94bcf1282ff0837bb46538189e379f1aac32c6077b2429a7cca7a1edc8a2818e2aaa19b56b1e21718390a8158add4746e4fc4c4a5b665af0b07c8de67bc6a5ddfec713463af893b2e526f86a4bdb774aa4a3512ec255272f144aa43fbef77ae9afc5736ce5206b0b31b3d9ba11171d84885b4bfb15cf97e3769718f6e84a6ffb2b2d1d16898fff4703286f477ff118d5c8203c83e06f16f31392e71b060c06ddd4a5212c3b95925c606d6ab183329898ac3a7fa7bfe7ae51ce08cd2487bd29b4aa8361aa23dc16956f
relay reply encrypted packet, circuit incoming:  0x502, outgoing: 0x102 
pkt from port: 52675, length: 371, contents: 0x640201c2d3acd92823c6f2434be1416aad47d4fc8f605cbb4e7ed8671eac92fd38e5926fcdea776d68dc2642ff1826048377afe0b111432272670fb598281bc95fc8885def78364129d9397d4bfeb0cee08b2712e1a46233f577b375889c434e969133da167f85c9e9d3de64e6016412d5d657cc93b431ba81462612cf86779cb42362192772d3e26a0b828e9d965dbcef7eb7e1d666c938a5191b4b3d8d2a2bb1ad717175fd35704e14cc44158d8876657b9b5ec6fbd7bb3b2c341638ffdaff0156adf55d8c4e506c76df3ccef5d730aedecaed8e5fa8c87ef9da09a489fa9a1d9113e6113f07dc13264fc17d6246ae79ce550209aa11e030fb53b8fb2d62b318fe18ded5cc18bd27db4812244a7554949baa5697a785edcc7489a39a7976aa514e9891fe5b1a28dcfe2d17c1c919d1848b23b7b49da698ad56df39e78ec717e323c39c55625e1d9ce930de664820c77bb51e1c83e7ddb64370a7888ffde024aeb29f17bb77c6
relay reply encrypted packet, circuit incoming:  0x502, outgoing: 0x102 
pkt from port: 52675, length: 371, contents: 0x640201559e1049f9f4d8d476598fe6d94e7e34cd5a7864d197753272fcd1b70f56594d4f11b361d915f252d9edf9df98bb7d5f2cfe43117067501c8044a765d926879994072f42116e808447d0ca753f4b56b9928ccba5e5f4b16083a083ab2c3df659ab28aceec9fcaf8d008f5cbdbc4630ce3c4f86451c07a99793431b25ecfc90b688849a6550692ceaf17aa4acf8021267037c0b8921b34f77f4c66bbd89b1acb3c940e892c02a499f68ada8198b26e91d3173abb7ebb6b51c893cc482028c311bdf5a2cb4525644d99e209241e3a0efd2208e883871cda742153c4af214a880173594646a6a56d4a0a7cf524af47f13558a30bb9e4825163972d98e033e21221d5ab621f8b9960e07eebedf0d4674ed496d0aaa2b92d723843c87832d64aa96e3082498b3b9eb38a49cad7fb9bf2197452b79fd1df3c0e6949e301ae569dc97e67b1f5d2dccd069c4740fce983dcdabd232649ab38a17a55e1979472b0c8fd1c501be5648c
relay reply encrypted packet, circuit incoming:  0x502, outgoing: 0x102 
pkt from port: 58273, length: 67, contents: 0x610205253d8299d9696d4f288826d89c72fe73fdb7edcbeef3a1da84cb3f384f65cc92889f04e8875da36d1a838ef9348dc6d8b956feff5f888d7c1d247a580b66631
relay encrypted packet, circuit incoming: 0x102, outgoing: 0x502 
pkt from port: 58273, length: 67, contents: 0x610205451b6522c86a118e9761aec11920c9f211971cf9ea6aed6f7db2ae1e64b749112bbca22091da2ae5d49c53de1e4cc7c43beb07f1d2596cbf4c9c8e1985fa8
relay encrypted packet, circuit incoming: 0x102, outgoing: 0x502 
pkt from port: 52675, length: 51, contents: 0x64020111a9a2433a43ffc7356dfc7a284aa754f4c55766a6d37bcdf49e59c149b8205a7db46cd2a795a9a925381f346e16
relay reply encrypted packet, circuit incoming:  0x502, outgoing: 0x102 
pkt from port: 58273, length: 67, contents: 0x610205d0ad89b1a0bf7a3ae4c21ac9c9ce70975560c6bcb902087edb41262f99041768e9093c2292e7bf92cf32f6a9d3d18319e76bbb8d0c81732d7b2106f2a636c
relay encrypted packet, circuit incoming: 0x102, outgoing: 0x502 
pkt from port: 52675, length: 51, contents: 0x640201d6268ecee9569e3bf938db76b67eb29c385b74c4c0c836ff48ea63fbf1765d4fc6553e58d346873a169c7998e0
relay reply encrypted packet, circuit incoming:  0x502, outgoing: 0x102 
pkt from port: 59404, length: 19, contents: 0x65030436336635343d36663237603434323464
fake-diffie-hellman, new circuit incoming: 0x403, key: 36336635343d36663237603434323464
pkt from port: 59404, length: 19, contents:0x6203042d93d8344324beb62836c38196163ffd
new extend circuit: incoming: 0x403, outgoing: 0x503, at 58273
pkt from port: 59404, length: 35, contents: 0x650304bfc277c0d08d2d91653dbef8d35650647c351faa7819bb6ac6c42c61d592285
fake-diffie-hellman, forwarding,  circuit incoming: 0x403, key: 0x320x370x620x310x300x390x320x620x360x330x640x300x300x360x300x60
pkt from port: 59404, length: 35, contents: 0x620304d0e9b35ac536398e189aaf72602296dd306a3c1c6356b13f69127458967afc
forwarding extend circuit: incoming: 0x403, outgoing: 0x503 at 58273
pkt from port: 59404, length: 3, contents: 0x630305
forwarding extend-done circuit, incoming:0x503, outgoing: 0x403 at 59404
pkt from port: 59404, length: 51, contents: 0x650304a8d8e01f4610404f7ee4c5197eefe9fd918f7ca9ea1222f7b7ace7c64dc88ce4fae18f122be6b46fb469b1c5469da
fake-diffie-hellman, forwarding,  circuit incoming: 0x403, key: 0xffffffd50x6f0x180x720x2c0x6c0x340xffffffe40xfffffffc0xffffff8c0x580xffffffa00xffffffd90xffffffdc0x150xffffffbd0x680xfffffff80x2c0x440x2d0xffffff9a0xffffff880xfffffff00x4b0x190x120xffffffa20xffffff9f0x790x1e0xffffffc7
pkt from port: 59404, length: 51, contents: 0x620304ef7f5249adba93af599aae12b48562cac6ab9aaad7ee5bc369f68c8fc64817988b56d8038f3772dc13925d7dfb1027
forwarding extend circuit: incoming: 0x403, outgoing: 0x503 at 58273
pkt from port: 59404, length: 3, contents: 0x630305
forwarding extend-done circuit, incoming:0x503, outgoing: 0x403 at 59404
pkt from port: 59404, length: 67, contents: 0x65030411ace53c8caa1322792ee9cf58e5ec98d46820d21ee5b3a6365f2a08f9f17eae795f63fa03fa971ca74d24d14dd770c6fd8a1861267da6ca7b4fa21fe4f
fake-diffie-hellman, forwarding,  circuit incoming: 0x403, key: 0xffffffa00xffffff840x2d0xffffffed0x090xfffffffa0xffffffa80x400x270x530xffffffb10xffffffbe0xffffffd40xffffff800xffffffe30xffffff9c0x300xffffffa60xffffff8a0xfffffff00x390x780xffffff8a0x0a0x7b0x180xffffffea0xffffff960x780x310xfffffff20x0d0xffffff8b0x750x690xffffffb90xfffffffc0x7c0xffffffc80xffffffde0x6a0xfffffff40xffffff9b0x070xffffff9d0x4d0xfffffff70xffffffcc
pkt from port: 59404, length: 67, contents: 0x62030474f63681457a4ff727f436f1cba3ae67a6780ce8beb69f92f6023b0af8bd8743eee83342226e8cef071571e344b9c596af4b6baf23c2ec39dbcf19f8623ee4
forwarding extend circuit: incoming: 0x403, outgoing: 0x503 at 58273
pkt from port: 59404, length: 3, contents: 0x630305
forwarding extend-done circuit, incoming:0x503, outgoing: 0x403 at 59404
pkt from port: 59404, length: 115, contents: 0x61030560a373d734c3ba618c4ff2d4fb247ce93f9bbf665bf12b981beb6982a55599e816bbc1727057b39ff5c31c654c9d22a14eb595f4b8c2f0792d29a9e1dd7b128a4f7146f2c1254946333dce6a9eac5535b5f24da11db84551468eadfed61bdbc3f9c4bd6510c3331cde
relay encrypted packet, circuit incoming: 0x403, outgoing: 0x503 
pkt from port: 58273, length: 83, contents: 0x64030484e88fdd4f99f7b281c3619c82e65f2d258492a651b9327f531f65b0c24c8c0f78755a3a8623c2abcd936fd53d3c3cdd2d0822035e94511afb3ba64c5a3e3aec10159f56f4a5e7ee7d34828d52
relay reply encrypted packet, circuit incoming:  0x503, outgoing: 0x403 
pkt from port: 59404, length: 99, contents: 0x61030511e0bbd9d41ab0d240bf12cb1e71b68b339fc0d55b32bc07f977d7d539bf5399d389192f9bd9c79a89becbc879e9f3d3d416fe269809564e6ebc81a92789c2b6791b136137d36de44d488a9e2d9e1a9ff6aa4e621f6baf6eac82dcb8ab2
relay encrypted packet, circuit incoming: 0x403, outgoing: 0x503 
pkt from port: 59404, length: 99, contents: 0x61030539e64f8ad11d68cfc4fc3afe66426f8735f62bb07b184942c2fd7276f399448335454ad294ee27e2b83663fbd597eb1b74c48bcdd388594c3f399fce349fde20ef5ffc892ab9b684fc037dab94beb05b3781f34cfd258333e44f97a58ab
relay encrypted packet, circuit incoming: 0x403, outgoing: 0x503 
pkt from port: 59404, length: 99, contents: 0x61030576bf6cf86f70cbbfeb6ca73526be2e80155468f16919478916e5ca5c82eaa11ca46b3a3f43ec50f75a268767b2d428b7cfe135e9b3fe029a2b495ae4ed2246efba02ea0afa219339950f6865192d229375b2b58e99f81b7541b4d450
relay encrypted packet, circuit incoming: 0x403, outgoing: 0x503 
pkt from port: 58273, length: 83, contents: 0x64030495499b845d58be57a5b213505c14c58241149879a0242492fea6efe17d8e3612e037d979bf76168b90e1456b769fd081fc6b6f518a6be5178122261dbe7f3d805417baeb98d3e6d6718ca018aabf3b
relay reply encrypted packet, circuit incoming:  0x503, outgoing: 0x403 
pkt from port: 58273, length: 83, contents: 0x640304782233d22a99915ce753b79d9fda4957699ff2b31cbe8cdcb98b1f8f07b4a64bb92fa67881a49969c25dd73317f343e26963b5443314c1f92875d31a7650e6c5a352df5471f965bf9de91b49b0
relay reply encrypted packet, circuit incoming:  0x503, outgoing: 0x403 
pkt from port: 59404, length: 99, contents: 0x6103056a527afe4dbc87bd7115f85878b1e5c5179566cb43a11151e6befabfcaff3f7a8aa253d7ce433f6362f332e24d8dd4a0954a6e2f16de6a62db3c4c1e64d7ae17a5248f823f327d8f98fa2dfafe4bb11a5f08a6aa8236a9cfceffdb8125b
relay encrypted packet, circuit incoming: 0x403, outgoing: 0x503 
pkt from port: 58273, length: 291, contents: 0x640304bbd55884792dc28376fdbd73625b74579edc1abe114c389b55a660e9f57e2191b5a294c24a2b7c5bfedb2cad6ce5541990f5e0a92d0d9182c881c4cc2040bac88d699db13ae5263df28f8f61ffc2a83a6fe29adcb97138ffa551d541e1d97381b28844354b86fe7cf326a624432951a46978e24fe2d85cf4af6a55fa1346056ffcd32659a3b3b1b55b5c3165085d5a17dba37f1415a58c5e7fba8b73e68463e58cf43f48cae29514c775ae141de8ce37ec70c1a6cd22d1f27f18ae4235d39a81550178550f8e35a4e826fbf990c9d7933ad0d44bf97f82d19ecc6524ee1962c2e2b50710bc81ad2fa04a1fc75f46ad67b08a71bdb5b27ec86dfd4a224b2c7cb52515ef17df1f5693d513e66f299fa2c9f9a63514
relay reply encrypted packet, circuit incoming:  0x503, outgoing: 0x403 
pkt from port: 58273, length: 83, contents: 0x6403041a63c9d7351355378228c57acf64060592bc09a3ba59d37a3b875514924d7e02282ef91aff7a3e6b20468a3912dbfc2a49d6522b88fc831d645b1595394d76bc4d86455cb32c759d01919c536dc
relay reply encrypted packet, circuit incoming:  0x503, outgoing: 0x403 
pkt from port: 58273, length: 291, contents: 0x640304e366a6c2f6ddd9d3a0587697a5c150c7e97c7128dc47ef6dce48bd6dd9e84c9da906e689f5de97e6e7f942225d275e8611611ba15ac0e1f238c811e0cca525904924c514e528a9aeb5f435f36acb326d6134be36f0ae347639b7bffcad8b7057e58bfb717ef55d4c912900effa4ea7dee4b3cfe7186250a5164c673f75ac226c7fa235dd4e3c951f86d4ab5139c809135682751fba3b6c258da33ac557b3e4ee1260beafc8775bac82919c3ca2aae8393773ce56ddd394b52e7027c97225366243c49beafc678539d024a24f9bb50bf121cf20c8d98f55c7cda477d3d899ab9b28ffb91d6046d36736c3348dde9bcd2ab171c52bb6a1633af84db0a8f6a258d62eedc3e9a8a3fb9370a7d5797c4594396b51ca926fc
relay reply encrypted packet, circuit incoming:  0x503, outgoing: 0x403 
pkt from port: 59404, length: 99, contents: 0x6103054f5066c857fcf72f8390a8fa88e3fb2741b4be61939216f1266129c6fa2c346fce6537613b51c5bf169f16dca90ac4af57679a1ce8148a1d88b3276acc6599b76a176ba0d3e3f97f2d1a6fd396ae05becc29b6ba64b8ab5eb4831b3c
relay encrypted packet, circuit incoming: 0x403, outgoing: 0x503 
pkt from port: 58273, length: 291, contents: 0x6403048f2c1bc3879ecb9c6cd776029ae261de5ac1c81c732825d8389ddea74bdc9a5cfe3b1e2f735735a7cdebb56158c66a011ba57615a2f27c4ab6a8972eeaf4ec6461dee6c73f151e56e644ef5df47b74648195d728cb4d3226c796becbbb024582359ca5c87b7abdcf1a25f1efdff11c1a69a197b7345f178eace420d517c56bcaa41819ec36de087f15febdf09a2a7f2ee1cac9c25740a285334d4fdc88ed18918ea7d4478e62e72a2f749ad5e574af4a1fddff804c2861b1791ee7243ffd04d803c45931ddb8b5c99c17541eb3ba53b1dea996bc27b513983a1166d1243afdc6eb8f9c8137b4afeec85d4ff9aa6379240e5e03773ecd8a66069ff3f89835643f8d8474a062a662b1784cf9ee0d5d095c91db7683afc
relay reply encrypted packet, circuit incoming:  0x503, outgoing: 0x403 
pkt from port: 59404, length: 99, contents: 0x610305fff0f9e2ffd57431aedcc2d178e1c05cabbccf0368116bd7dc8992597f44d4ffb75c2bebc554ce75b5ea5517b8d7d1e73f1a72049d2c1c50f063c8801f8cda447e231c35668a957f87799141f167a643788118a81b6aa42291b8c6969
relay encrypted packet, circuit incoming: 0x403, outgoing: 0x503 
pkt from port: 58273, length: 291, contents: 0x640304c1b6f9af29a7a52e625bbdf736f2a617ab7420c074c143579d65ff02bb3d3af8bba29519db9151c861936c347745e11f2a2cab5ed9bceca8376c52073460f895f7f9298558cdfb77b23cdf84446b2cd6276caaaf17953966bb4d1a82bb4d7f9f0313bc646d85b5cdd5ada8b39db1dd7fb357b9ab491a51416ab5aa2c850b4672ad6c3e133f9fcbb7eff439ae51b1faffb4563c3a0c8109f0c74a79d7d56dc756201aec345c84b66d99d972c17bcc683ad6c2b95c17977b25045e5164901063fa609cc13d29a57813ca8c2b162c1629c35f648cf6399fb1052ead4dbc5dc1f76743c4bdf5a9c55f7cf56ccf4a2f783caed59c5d437352fc95f985af9aa57d93f98d9db8dcfd70a7b0f9a86c6724c58e24fb87a582b132dcb81
relay reply encrypted packet, circuit incoming:  0x503, outgoing: 0x403 
pkt from port: 59404, length: 99, contents: 0x610305e2ebfa937cd48c4a9c9e4a40114f3535be7c43ec86c3d88908152578978a40c1b224d29abdc211371f569099508c47da5da73d82367ff018cd13ffcf7788b079293a78b7dfbc4b20bb31f93be98ef647f3dd80f5fec0c9635e7931fcc5d04a
relay encrypted packet, circuit incoming: 0x403, outgoing: 0x503 
pkt from port: 59404, length: 99, contents: 0x610305d4578899fc2aa8b3387bd3da87bf7eaf99d247f9393618db74298e3330c4fb68d06e2e2cf85cb98bba3cf8ae52de4f7205acc7a44aa5f75f9ba39d8cf64b6238dd7f4e88c38f6dfaa87d73b9fd8b3a3c05c24daadaa191458f8533b5c86
relay encrypted packet, circuit incoming: 0x403, outgoing: 0x503 
