router: 2, pid: 2880, port: 34752 IP: 192.168.202.2
pkt from port: 35536, length: 19, contents: 0x65010533373a3b34643a363234376666603566
fake-diffie-hellman, new circuit incoming: 0x501, key: 33373a3b34643a363234376666603566
pkt from port: 35536, length: 19, contents:0x620105a868f6e96ef3ac20af68a3c14bc35a77
new extend circuit: incoming: 0x501, outgoing: 0x201, at 52675
pkt from port: 35536, length: 35, contents: 0x6501051e135d3de492f72598b891fdacb9471188b9b442246cc8c89323f9eb487f86d
fake-diffie-hellman, forwarding,  circuit incoming: 0x501, key: 0x320x360x3b0x3a0x350x650x3b0x370x330x350x360x670x670x610x340x67
pkt from port: 35536, length: 35, contents: 0x62010512b45f3ddbee69d7ad161353cf71420b393e7ec3ba532b669f3cea9c84d43f3
forwarding extend circuit: incoming: 0x501, outgoing: 0x201 at 52675
pkt from port: 35536, length: 3, contents: 0x630102
forwarding extend-done circuit, incoming:0x201, outgoing: 0x501 at 35536
pkt from port: 35536, length: 51, contents: 0x65010538ea4cc08cacef948d7026b6fb2948571e138e4ebf1ea2e85b4a5cb515ab5cfb6fbf3d1d37760fffa8f882b76749
fake-diffie-hellman, forwarding,  circuit incoming: 0x501, key: 0xfffffffb0xffffff950x760x5b0xffffffaf0xffffffe90xffffffbd0xffffffed0x610x4d0xffffffb00x0a0xffffffc30x750x1a0x470xffffffd90xffffffaf0x6e0xffffffa20xffffffcc0xffffff8f0xffffffb40xffffffe50xffffffee0xffffff960x600x370x2d0xffffff940xffffffa40x08
pkt from port: 35536, length: 51, contents: 0x620105e30c35e65721284e7e0d9ff8f8d993e82876e4d3a1eea8dbfb26b0db9a7f09c8834921918a3fa8ed86b6f416026
forwarding extend circuit: incoming: 0x501, outgoing: 0x201 at 52675
pkt from port: 35536, length: 3, contents: 0x630102
forwarding extend-done circuit, incoming:0x201, outgoing: 0x501 at 35536
pkt from port: 35536, length: 67, contents: 0x6501055da8613cf6593fcb446169bdf1c420fa3d237dd46cdbe5ab26fb2744f1971e95a7ef8c187d943780ff4890aab932de1f07e64b732d383674a767acde4
fake-diffie-hellman, forwarding,  circuit incoming: 0x501, key: 0xfffffffc0x580x530xffffffe50xffffffed0xffffffac0xffffff850xffffff920xfffffffc0xffffffaa0xffffffbc0xffffffb90x2c0xffffff890xffffffcc0x160xffffffb80xfffffffb0x340xffffff930x4d0xffffffaf0xffffff800xffffffd30x120x700x7d0x760x5f0x000xffffffe90xffffffea0xffffff9e0xffffffe80xffffff9a0xfffffff60xffffff8f0xffffffe80x270x270xffffffad0x530xffffffde0xffffffe90x410xffffffa90x0a0xffffffc4
pkt from port: 35536, length: 67, contents: 0x620105a6571c9aa39c6aba6a23fd7f8078b9b4e0286ba86b5a6de0ac6461fd395a97aaad97141cd896489a12566449b927ade703d59706428c4cff2ed9cb9655c556
forwarding extend circuit: incoming: 0x501, outgoing: 0x201 at 52675
pkt from port: 35536, length: 3, contents: 0x630102
forwarding extend-done circuit, incoming:0x201, outgoing: 0x501 at 35536
pkt from port: 35536, length: 147, contents: 0x610102f44f1be0cd765abc60a7eb72de660ef6ec11c1e2ea72ed33c8782838fdc58928218682aab5daaa366522815c7e05ab9f13b6afce47c11388aae23c03e958e4fec828872debe6a9ffa6b45152928ba8f892ae9c91694d420eb105403caa22a534892114207261ac546fae1a4c6eaf29163a64e18e1ff1938271f70457c0d63cbf87b596be67ebe18d237eb68
relay encrypted packet, circuit incoming: 0x501, outgoing: 0x201 
pkt from port: 52675, length: 131, contents: 0x6401057bc17d89ae62a4ca3450f3b9af83faf593964c1a7ca7a2c16cbe5b918eb21faa970d14fd237ef321b9d38922d8584ee4886d6ca833de8aedcc74463123568b9214128844ae7e37df52f6e398fc58cc7878659f596433bc6dad71b1fb4cdda8e9d91a92b5e975dddb9bee8f6d6bdc6a36c82455dbfb43643ce8a8d4d
relay reply encrypted packet, circuit incoming:  0x201, outgoing: 0x501 
pkt from port: 35536, length: 147, contents: 0x6101028fc8621efdb2439539bf3dbfeb13cba754de9b8f79406ba068f7109d687b3a4450686789eec9f8f9661bab8acccc50c8a793c92323ab8cfd4c26d9a56a71668468ccfc56721112bee3454ba231238bfd4da9c496a14cd975c9e23bcd4a1fdfe87c04482661b166c3f03913e69df1a52d4c5a6f865aea0357e9f7b5f6fe6b64efaf6335de02ca461d4a25c4b
relay encrypted packet, circuit incoming: 0x501, outgoing: 0x201 
pkt from port: 52675, length: 131, contents: 0x64010570cc6ad0c333fce5c13d267387711a169b3affa7af2391cd860b4af1dd16159ba4b1b6e8dcb2ead87ac86c2fdd28af28909cd4c9b433d2965efc1dc39ac1d955b2dcd3b9d3d590cef5c5e72e55844fcbde5a33cd83e0c18bcd7eaf3f268d47e97e5bdb36746cde02b96ff7d375a8ba48c65cd53e31d2a5378648962
relay reply encrypted packet, circuit incoming:  0x201, outgoing: 0x501 
pkt from port: 35536, length: 147, contents: 0x610102f7e128f4101c2691a6d5a782706172c557c0b0d885e2b927e2b37a21ba737afe12f33263a2fe7a6e7d6cd962c18e3ffc66cb27f3bcc8646e287df1933cf6841afb2bb133d8cc56609173cd48b79cc2f2e84a8cbc76799a8a3be73a844e02ae25497e6d4f4b3ca68e187ac30c1349cb5d28a1b164fdbefff5265578725f1a97312f4156535ce5e45878d7ac5
relay encrypted packet, circuit incoming: 0x501, outgoing: 0x201 
pkt from port: 52675, length: 131, contents: 0x640105a9bc827c13e83819de2282e565b2c47b72c102ce72ce3ab2b48f7ce13d4d3fc5a22bfa1f33da2de782b2acda0456c5b399de5cda0e86d9af818342d6923368eaba4e18f386d8e55c8f920deed5557ae1d921f244609d4e4b6f59a45a3b5e9e3ebf63650c67a63a3d84a8d9bcb1a54bdc7293471db1a1cb5bb7
relay reply encrypted packet, circuit incoming:  0x201, outgoing: 0x501 
pkt from port: 59404, length: 19, contents: 0x65020430673a3a3b663a6634633067323a6033
fake-diffie-hellman, new circuit incoming: 0x402, key: 30673a3a3b663a6634633067323a6033
pkt from port: 59404, length: 19, contents:0x6202049d3ae1fea0ac92c6c86e891ed888dbe
new extend circuit: incoming: 0x402, outgoing: 0x202, at 58273
pkt from port: 59404, length: 35, contents: 0x650204e3e24cfcebc5a01dfb5843e16fc1ccb10cc58b063bfd9de6b0f189b77e6
fake-diffie-hellman, forwarding,  circuit incoming: 0x402, key: 0x330x640x390x390x380x650x390x650x370x600x330x640x310x390x630x30
pkt from port: 59404, length: 35, contents: 0x620204535bfcb34c32b11176c4d58dc708bdd16d4713cddf3cc90b4d6495926f7c6cd
forwarding extend circuit: incoming: 0x402, outgoing: 0x202 at 58273
pkt from port: 59404, length: 3, contents: 0x630202
forwarding extend-done circuit, incoming:0x202, outgoing: 0x402 at 59404
pkt from port: 59404, length: 51, contents: 0x6502049459fb9c86331105c9d2ae22b841c6ed514da9d160632e210f62372883ba721a1ad3e984ce61c3985dba25958356
fake-diffie-hellman, forwarding,  circuit incoming: 0x402, key: 0x3c0x290x270xfffffffe0x750xffffffb70x3a0xffffffa30xffffff890xffffffd40xffffffd90x390x580x6b0x170x790x490x090x4d0xfffffff10x050x140xfffffff40xffffffcc0xffffffb20xfffffffe0xffffffe10xffffffbe0xffffff990x1c0xfffffffd0x2c
pkt from port: 59404, length: 51, contents: 0x6202041bd84484fc323387def25ee9db711e6733554098f84bbe13bbe3cd2b6e08529d4fddfff802ef963fe8d125cc20
forwarding extend circuit: incoming: 0x402, outgoing: 0x202 at 58273
pkt from port: 59404, length: 3, contents: 0x630202
forwarding extend-done circuit, incoming:0x202, outgoing: 0x402 at 59404
pkt from port: 59404, length: 67, contents: 0x6502045ccd1e421ebc62af68b99814aec569131e6d6fca96219560eb7c17dd931a7b2bc543ac4c6bc36c4a356e3bfe5359062c8db6e1c8a941bf953e93c4fc2945e0
fake-diffie-hellman, forwarding,  circuit incoming: 0x402, key: 0xffffffc00x090x400xffffffba0xffffffb60xffffffca0x460xfffffff80x150x010x0c0xffffff870xffffff950xffffffc80xffffffdd0xffffffef0x670x0f0xffffffed0xfffffffd0xffffffc60xffffffc40x280xfffffff90x7a0x420x760x3b0x7e0xffffffec0xffffffac0xffffffea0xffffff9b0xffffffa80xffffffb70xffffff980xffffffdb0x6c0x6f0xffffffc60x390xffffffd20xffffff920xffffffb50x740xffffff970xffffffe00xffffffba
pkt from port: 59404, length: 67, contents: 0x6202041a866f29e9e48309c3fb164cd538b49ca5f92a4b9b4ad2f6d7325bf89876189bd6113430b651bfa9814a336c8b92def98332f8691243e11f3b6c6ef56e53
forwarding extend circuit: incoming: 0x402, outgoing: 0x202 at 58273
pkt from port: 59404, length: 3, contents: 0x630202
forwarding extend-done circuit, incoming:0x202, outgoing: 0x402 at 59404
pkt from port: 59404, length: 115, contents: 0x610202a6f8c32763769835c6d05b3c83f77d5eadee72a98b143f51f94e544546d8947a76d7f1144aa042ea168330767dde9d8ad7a69e394ca33fabde1c75223b80c15ab53c2332c25aca893813c87c7ba728a45fc4af814a11c1cf9cc95c4db2405b31c7d4a57013f3bee6ee65166138f2b9
relay encrypted packet, circuit incoming: 0x402, outgoing: 0x202 
pkt from port: 58273, length: 83, contents: 0x64020445804bc2eaf0399fc9bb82e03f56f1e97b58a43b975a0368ce15dcc113fb7b2acfe88a11bdc4dda3e32a4f4aef5bd6593bce9c83ab98c749c5a9358f728acff2f4edb766b962213b1849c54023d7
relay reply encrypted packet, circuit incoming:  0x202, outgoing: 0x402 
pkt from port: 59404, length: 99, contents: 0x61020296d3e34d7b15cd4d1c496e231bc7bc87fe8b1423bf288e59c1ce6fb2dd8f17e186db20ee39ce75736e6d5ec06bc1d1a84d7ce1b137bcb3cca25f51ee853fa4a27e02df86660b755e7d1e1bddd9c22f5f7d2bbab283e3adafb37f73bf
relay encrypted packet, circuit incoming: 0x402, outgoing: 0x202 
pkt from port: 59404, length: 99, contents: 0x6102027d71f785f187438df1858dad99c259bbf56b785e2db36ac95d9b5cfa54ab2e8cb09c9e2fb1b2b84a557bb83ea2553f7b16e4827c478529592e1703d174a2f478e8dece3752f3c57d41bbaacefeeaa7345977e55a35728a1aea4adb5
relay encrypted packet, circuit incoming: 0x402, outgoing: 0x202 
pkt from port: 59404, length: 99, contents: 0x6102028a5b75e6a984fd829695bc35c2ccbc1fe82fb48ef615b5316ea761c6bf8c1e14f8f82d3aad9628ddcf2663ec38f07786ea2060becedee8745fb9474c83c93cd2b03d3bb7c2c4eb132315d66ba6efd025b9d1f7073ae5f872b8781e45784
relay encrypted packet, circuit incoming: 0x402, outgoing: 0x202 
pkt from port: 58273, length: 83, contents: 0x640204dca0e5e614c53629f6895112fe3a96ad7837fedb4ee57fb3519cd51636959c25ab4ca98dd1a05a8b998c9ef65a93225bb2a8d333f256481f50645cff77b5aab2cf1f6a2bdf56bf73067b5af4f463e
relay reply encrypted packet, circuit incoming:  0x202, outgoing: 0x402 
pkt from port: 58273, length: 83, contents: 0x640204a6ce1679ef8789409c3c915ba7f79c4f46ac22c02f4f43332db0c15d3e908315a9d779168ced2d9eabbc6724b5cd5d57895e4bfcf42467c7df70f0d61c3db137c4ceb758f11bb438398d372ffe0
relay reply encrypted packet, circuit incoming:  0x202, outgoing: 0x402 
pkt from port: 59404, length: 99, contents: 0x6102028c58829b4a41bbfca69a31f4ac7e69566228494c0f5d32c99fcf7947bc904bb803a26bb186e88475d3cedfd7d65b1b4c41ca82aa5fcc19c334ef6a3516eea42d94db299a6b7efec558c4729ccda3713b42d9e9fa47e775a88b5b6c8cde
relay encrypted packet, circuit incoming: 0x402, outgoing: 0x202 
pkt from port: 58273, length: 83, contents: 0x6402049f6ccb1bb07fbe17d727f86623d5ebe930774dcba78ec7cde04a9778fd7d8687ed8e4d83562de0347ead88a5049f722d5eb47fe8945d5ec18f24ebe8ea073654569ae4e37dfc7494d52e9baddb
relay reply encrypted packet, circuit incoming:  0x202, outgoing: 0x402 
pkt from port: 58273, length: 403, contents: 0x6402048c2788ac71e78f8a82ae78464076f754b36738d8c6e71fc4ebb15bdf713273807a7f5c539d9ae75526acfb0404eb547e611d6bd92b9ec2e9d65229828fa415796f9b4332f13c2e76cac00ef36e492cdfffcf15414fec33c1fd048f4b7543cf589f0358f5a32e4d76e91ca30194b11a833dcf4883c7af04a9471846489cc8785df31a51c5f5fcd5ba9a7ef98872c482045fd477078b6e47f119c62135aec96a4f8cf7ca2081e37e5336d89dba4b3dfaf8a4964246d72a6c3c77efb39aa2dba2960284b5b9275f3e5259b6a24266d8132e2146c7e2b13e4ce5da57c11ed9b59e132c3bc53608a4f674541f2beadc0bb4784b3ad8d1edb09b2c418141ad229e61f96f53151d4c8fc4bf7d2cec9e1f473a018a2661c9810db6ee22d3b7c09b24393c899ad9bf8ed1f3065badd436ff93a434d7a14ee746cf311a7229d3e062912da936e11e1c67b1eaf1c9d71b2eb69404686775fb5cf8d4a33255a3aca5a243cdbb9ef5037a38b62c31d1688717b25f3109258d542c9142fd5b6c9710a5413b4496d3cdcf9e
relay reply encrypted packet, circuit incoming:  0x202, outgoing: 0x402 
pkt from port: 58273, length: 403, contents: 0x640204f8c6e517e55b08ea03f8fd3111fd18612a272d9ef1741e5a3091d433a581b7926e153ac5f956215fd84bcf333bb6b5b568faa7db4c79710572a6ae5c26125a6543684c12d2cb9ff1e8729ba4201c2d944a8feadb2dbed6a849c25d4b96c822a74983efe13aa6cce322dc659513c33759852a8a85ae524b48f9730a49ecae8d917ad55e53157f6b46d1192ab77339597f4645c83f02c797bb5bf26c777a16de94485f764e83d10605ae06341a503d99f5898ca3792db720e423ef58139f57f2a3dc224a848abfd437ca52606f6d958abef7e8263289945e88e4d69387f66cd536c5c96203ce5cf9ac59a868c8718527998a564e83ce8231f1c13a236c65ca5959a2762b5898a7ff12fcfcd689d3a233227392cef93c4ca62f46489c7a93fc883225174d54bf778e562b35ae3cf81c84813a2ddbcc250ec3b336513cedfac4e74660b7796d59b08de072672e966e5a8776fa61d59118f6397beeef6465c24b8bd21581fa576c85532db273d492205ecc13366b35bc3403bd3b8e6cb5ab23d475ed4a4f4911a
relay reply encrypted packet, circuit incoming:  0x202, outgoing: 0x402 
pkt from port: 59404, length: 99, contents: 0x61020265eb16befacae54ea7a581166d1223674ac1ef2283f3a3245a89154943925f72facb7a6a7b8b1f1ec442d09f4dbe915bcd4b8f2fe1cd12436ca05a8f2cafccbdbfb1516144d128dea83291c6b5e38e189d4b2be363271b3b9bc213acf9
relay encrypted packet, circuit incoming: 0x402, outgoing: 0x202 
pkt from port: 59404, length: 99, contents: 0x610202ed81a189353c57cec0ed2cbb8f05a27f0fbcf6675b8236f813feabbde9c72f6ba2d0f5e79dfcab173a38ee6701e8bef5bb4c26e8a147638aa7bcfd5080bc2e85290609864e4aecbdcaa532828719c5b44e2aa2749635604349ce1281
relay encrypted packet, circuit incoming: 0x402, outgoing: 0x202 
pkt from port: 58273, length: 403, contents: 0x64020494579bb7f6f7b2a82beb2fe5a64a8f7cce458378bac496532c1f2a9f96e99168beceefd17caea53f2c4a4be7d1e22358ba5513b3f7f39c1fba2419f4d9c503d378fabd7a2db91cf5248c50b2c3ca8bec2c7882289a7e81efec8b6f993dd4673399c4c426f9a2e2c936c790bc3e351f6a81b3845f30fa1ce5a2459a71ee57f5603bcf08513176334312add2a42969417463fe9a4c6ed3ee8746fbacd731b14d299bb24fa7f177634fa999fe8d2224c2c766728347af22f61c6c3787b94b30255b2344c5fbefed8e8965bb532db6315c2466558420b9ace48ec4bb83419b80a270176c9e91ebe3c375b6f9e44f6a69e6eadaed5d778fbc55e6e2127ace190c253d743e7dcf19d92fa3e367164e88cd372f4f5c8e65c929f98952c41e176887aae67107d3de4edc2ecef7497e4c6884e1bfcd8b5fb42cd9fb31e2ee6c6a1ccc6150a88b7b7c881d246f1ccf8502cff517a7af6afaa921746b27d395f80e437d95aaf2751e1895210d4abea5aa34c232e8dc0be67edf298f5d12d9ab66b66f76da7fcc0392952c8
relay reply encrypted packet, circuit incoming:  0x202, outgoing: 0x402 
pkt from port: 58273, length: 83, contents: 0x6402048bcc51518030b9d0a65b2b9625db57edbbc9abe8f966a7e61e13770b94867be32cad84611dc5a9c019ae4726bc312c3baed33c6d3879b0ba72ec46c03ee6a21ff680ea93f4e75b82574234b72f1
relay reply encrypted packet, circuit incoming:  0x202, outgoing: 0x402 
pkt from port: 59404, length: 99, contents: 0x610202b173fa5987ebf49eba29cabd9e4b16796074b339697196b132d492978c08949b450691c9f5846846ebbb533be38041be73cbb561dbb23a664991f95addae9592214ece18e47b636a16cc539f46def0e71c9a9a8bc643a1ee40afd5d137
relay encrypted packet, circuit incoming: 0x402, outgoing: 0x202 
pkt from port: 58273, length: 83, contents: 0x640204da2f906d3fce4664586ac756632852bea5bc182beb2e65a9d78f84a39b9c43c737822964a490d8438a8b5a5a96de464e9478a334b9862a5d529df917a1da62d193782852cad69e399846c4055
relay reply encrypted packet, circuit incoming:  0x202, outgoing: 0x402 
pkt from port: 58273, length: 19, contents: 0x65030131346132333a31613530673333353363
fake-diffie-hellman, new circuit incoming: 0x103, key: 31346132333a31613530673333353363
pkt from port: 58273, length: 19, contents:0x620301dd58a8fd31e6523a8b6e59ece030
new extend circuit: incoming: 0x103, outgoing: 0x203, at 52675
pkt from port: 58273, length: 35, contents: 0x650301568524634cdeb47fd2c7bc9dd756378e4faff5fcb572acf37c799dfab9e1a58
fake-diffie-hellman, forwarding,  circuit incoming: 0x103, key: 0x300x350x600x330x320x3b0x300x600x340x310x660x320x320x340x320x62
pkt from port: 58273, length: 35, contents: 0x6203017382a9f28cd01537ea1bc474054fa1289a2db6d456a7cd4767da222b748a94
forwarding extend circuit: incoming: 0x103, outgoing: 0x203 at 52675
pkt from port: 58273, length: 3, contents: 0x630302
forwarding extend-done circuit, incoming:0x203, outgoing: 0x103 at 58273
pkt from port: 58273, length: 83, contents: 0x610302da51ce2d102b8134b0c4ce75dbbfb238fed32a836e81abd3524c2be926b5dcf352386567e9559859a863c73443789a6c84a7961f4f965c7f8278bd52a4147f995d5dc9981d3d769b15a4e714e
relay encrypted packet, circuit incoming: 0x103, outgoing: 0x203 
pkt from port: 52675, length: 51, contents: 0x640301706a9dd75090f3d853cc9352ed1b3e47db471cd2a36a13eadf536279c97774d286b8d6cb5e2c8182cec7b04f4a7
relay reply encrypted packet, circuit incoming:  0x203, outgoing: 0x103 
pkt from port: 58273, length: 67, contents: 0x6103027de97af86df74f5033821b8921517a61c12d4e983c63462aa5ffb9447ae65496a56328913a383eb4c566891eef81dcc5a575a67eb3854da8975772cd214a2
relay encrypted packet, circuit incoming: 0x103, outgoing: 0x203 
pkt from port: 52675, length: 51, contents: 0x640301dc6bbe1ea96e56bd190a97a1779156c842f612b561c564a0f4605af2cfb6e2fb812f17d85e376237f685264decc
relay reply encrypted packet, circuit incoming:  0x203, outgoing: 0x103 
pkt from port: 58273, length: 67, contents: 0x610302f51da79a2e63e1eae42817eacc7de9b5b3cc7cccb0d91d555616f5d28291cd19c4cf70ceb734db7164a8768dd27ecb73950ebb3c9a2fce0ad56481af54ac1ae
relay encrypted packet, circuit incoming: 0x103, outgoing: 0x203 
pkt from port: 58273, length: 67, contents: 0x610302aeb6fa67233c33664ac1456e97d695da53f97a8542e41ed81b8255750c1c5c2f0fabf8af4b508e18cc9b292ea923616653a725ff957a8c888cdaef4428e8
relay encrypted packet, circuit incoming: 0x103, outgoing: 0x203 
pkt from port: 52675, length: 51, contents: 0x6403018a7312463113d1e16e5d32af614db8c6b1c6d4038558baaae9902d8b24fb514e39a328e5b3e1d731c19317e3d8f
relay reply encrypted packet, circuit incoming:  0x203, outgoing: 0x103 
pkt from port: 52675, length: 259, contents: 0x640301a95461a7e9ff1932cbdcf1a402f7899a43bfe14086ee7cd93e6cb1ef1ad61d488ca70f7cf764bc1aab6f12d344b2e785f9554288ed32d94fcebe3d0f0e9657b32e95f1bf562cee2b02fbdd96519522443d5d340729fb922091744a916b1ee3ee8b073f3543f6ebece8a23f37d8b9b9de92867e43b7584ef0b4ed483d5a5b7379fc3f7426e6482d134b4bdfacbfeaba137a39c147f50298fa47a36f992604234ca6645c8723093466623addcf6aae79e7a4e49826bdb844f69397f22488f5738a6b3dac140dd617de81aea2aae276896b3a13b9e6ffd13dc44b5eaaa28758b1d4a80888f3674e151e5e33f6644c5bbc907c37b344817cc233
relay reply encrypted packet, circuit incoming:  0x203, outgoing: 0x103 
pkt from port: 52675, length: 51, contents: 0x640301ec5fb86d4dda5ab49d2f55aced847a97f14218f3a138745ab4ea49d496c2ec25ecebc7a99cdf27791d55ff5a0b6fd
relay reply encrypted packet, circuit incoming:  0x203, outgoing: 0x103 
pkt from port: 52675, length: 259, contents: 0x64030145a07a3c46ea8c2762318bd8958a1c2ea1f792bcfe8822c39b7e514f5b674cd583f5a5beb19e3a099eb8a7344c167fcc3a378af7e0479881a5604cc21f8059d57b719741a76385e98638a787de5c0b8adff8543225a088db4fde3278745d88ba2a2cd1d3e157d5d748a61d02066dbbc71a9a4eeb6a2a03f89d2a323a9ba19b396e5896d2f855645423d6ad6ef796408c8f2c698bfe5c8976fd723d17577f4b76885e833776150a33cf25cb371cbcf4a858c2cb2e8ec31681c3fd91366db4179a38a0638d93b7f6bc7778a5f93b5fe4a7410c586d818c864f67e5adcd9d13834d3dc8eea3e2b772f45e221afdd5158960b9f5155a35f3afe14d2
relay reply encrypted packet, circuit incoming:  0x203, outgoing: 0x103 
pkt from port: 58273, length: 67, contents: 0x610302b1856d41f229f51de496201dcda61950aef1db87a25c8e423ca49d5c692cfde77fdbd90da46b065cbf35c782fe6317cf142aa487c4b5ab4318ede86f7
relay encrypted packet, circuit incoming: 0x103, outgoing: 0x203 
pkt from port: 52675, length: 259, contents: 0x64030186b6117858380356218e6be76dafb45a64f3761fdb3c4a25f192d42fa2e5259a554e8e2f3984faa56c4781aef39a7185f644166a3e440843fff22dd9abbf6f2f98a25a3afcc213541ed0caded9dbc6fcf8415229d11479e7842c7f86a47d4e7129a1d89b21dc5feda7a1c5d0c5d662e26b62f9ae5ea7cbb2cc27122e3634b4d6ce4a4f7eb913c1e601deacd9d410c2cfa7507b12b492c66df03795034f6312421e7b9fe1e171faed43fd917c2170f6893c9c852f2ec32faf85d06f5ede63b4a5b597f3281e8b7291c3e55201380c832eb6c56b7cef7cc9a296cb7d15746d52549189fbf293ea9f383f54869467c2e631c3e334dfad9c716db7bd3
relay reply encrypted packet, circuit incoming:  0x203, outgoing: 0x103 
pkt from port: 58273, length: 67, contents: 0x610302f48a1088253814615d80fa48d9c78dad1062c6ae23124c711c124b9327fc3e8586d8ad7956af2a4c1286bc657eeacc44433cd91fb63a0e1562ba1d14d5d59f
relay encrypted packet, circuit incoming: 0x103, outgoing: 0x203 
pkt from port: 52675, length: 259, contents: 0x640301cd4bb8b87a70b586ba34a59f6d57de7acf4edb8c7ee510f6ffe590591d33b29a5f5db3a73a336c25a13ae655bdde74da31e9b8ec587f6eeb51c9d5012d2c24835e327611890b075d1155a2392434f7d87a01a81d98bbce93b59bf55cacacdb6bf62325d9c1b14b5e1e616b8c41b784a855f4b6a132d11de9e8ce3c2155d064f444153fa0c4ecaf472565c38964c19f7d854016a7907fbc9d1fc5012e3a0cdcbb14584b7ddc7d27ab51c21ebab84f8593a3a57f16c4ebd1b08a163124e8efbc10fc484bfc367785d486424fb1f19c4eb443b01757f6d3bebb2554c46240bbeecf33e650d6441c945e477574569e13f8cb8e7ad5c91e8
relay reply encrypted packet, circuit incoming:  0x203, outgoing: 0x103 
pkt from port: 58273, length: 67, contents: 0x610302fcd9cee9982765d773901012122dc074ca4d9a3f82b9578d919dba3913e4188fd281a0a5142f18c7217d5311991902c784726ad743a8f988c85ebcc8ccd
relay encrypted packet, circuit incoming: 0x103, outgoing: 0x203 
pkt from port: 58273, length: 67, contents: 0x6103029202bd9715f9569f6099c3c5ae70a72dc5a08e4b9957e76c96c49fc0bef7427408d46498c4bbbab25d44d7b60b9fd70b3ada5a4ea516eacadea7612cc6c4
relay encrypted packet, circuit incoming: 0x103, outgoing: 0x203 
pkt from port: 58273, length: 67, contents: 0x6103026bdb652baeef5adbe17d337c6bdee2573e5cea18233e0d59b47d73a65b1c81c2487c3f22dc2a1aa9090e497207f8c874fa4f151fe5b8d694f57fa36dfd8
relay encrypted packet, circuit incoming: 0x103, outgoing: 0x203 
