router: 4, pid: 2904, port: 35523 IP: 192.168.204.2
pkt from port: 41776, length: 19, contents: 0x650103373436363c336532316762613367623c
fake-diffie-hellman, new circuit incoming: 0x301, key: 373436363c336532316762613367623c
pkt from port: 41776, length: 19, contents:0x620103bd222de81216541668658916de21135
new extend circuit: incoming: 0x301, outgoing: 0x401, at 54728
pkt from port: 41776, length: 35, contents: 0x650103c55a7333d1763b87a18f69ee6de446f2cffc25bbc5eca5416b798312012dd
fake-diffie-hellman, forwarding,  circuit incoming: 0x301, key: 0x320x310x330x330x390x360x600x370x340x620x670x640x360x620x670x39
pkt from port: 41776, length: 35, contents: 0x6201033e39e19c8cf43256ac2314d1bbf273df4d4fd89ef91fc86dc60ece1d7b3
forwarding extend circuit: incoming: 0x301, outgoing: 0x401 at 54728
pkt from port: 41776, length: 3, contents: 0x630104
forwarding extend-done circuit, incoming:0x401, outgoing: 0x301 at 41776
pkt from port: 41776, length: 51, contents: 0x65010397d6caef8cf745728a946f054c99f78f6927da9218a3bd65809f622b43d59ad5c5cc2c84d33889a2a1d41f7ce692c
fake-diffie-hellman, forwarding,  circuit incoming: 0x301, key: 0xfffffff60x610xffffff910xffffffc00x600xffffff8b0x300xffffffd50x080xffffff820x580xffffffb80xffffffa30x410xffffffb20x1b0xffffffa50x680xffffffc90xffffff8e0xffffffd10x570x000xffffffbf0x380x100x5f0xffffffc30x420xffffffcc0x0e0xffffff8a
pkt from port: 41776, length: 51, contents: 0x620103d469e64b3962f587a1125eeed2aad1c966f549db05c49f1815fa870a1a82dc3b1ca216d6632a14a76836fc3c11
forwarding extend circuit: incoming: 0x301, outgoing: 0x401 at 54728
pkt from port: 41776, length: 3, contents: 0x630104
forwarding extend-done circuit, incoming:0x401, outgoing: 0x301 at 41776
pkt from port: 41776, length: 131, contents: 0x61010493508a8352da1518c022a99af02b7c924f8ea14c75ffe0deeac74e559ac1c261214515468537858472b2cfecbf7fc6666846468e31348295e71a8e9ef405775e955251026e53b6cc98eb3ec9c5edde7617d7af33419262fe1626e90c4dffcbe53b1ecaf7084d81ab3557d5d972efd764c213f189a18b5f4d8a8995e233
relay encrypted packet, circuit incoming: 0x301, outgoing: 0x401 
pkt from port: 54728, length: 115, contents: 0x640103dd2af801166776e65ee28dc85c0631c2e308fdac67315b3d2c5d88564484825c941347ff91d505dfb523b9a87bf10905a97e3ce328818e0a8f3b6582415a47e1773a27fbe41087cca557ac2bd644e78aee82179eb7428b9fe13b9cdf5d3ef58b849e5a0159e69d1827dec5864
relay reply encrypted packet, circuit incoming:  0x401, outgoing: 0x301 
router 4 killed