router: 1, pid: 2879, port: 58273 IP: 192.168.201.2
pkt from port: 59404, length: 19, contents: 0x65010430343938376739353137346565633665
fake-diffie-hellman, new circuit incoming: 0x401, key: 30343938376739353137346565633665
pkt from port: 59404, length: 19, contents:0x620104ccef2526b316e201e5d163c7363f
new extend circuit: incoming: 0x401, outgoing: 0x101, at 65535
pkt from port: 59404, length: 99, contents: 0x61010447f7b2cac5b05db352131f107435e8652b5ddd6457456cab77e4f113646cc4b67adac7494646c2e3e62c74eca1ce93fa7710e5b2be73ae605ebc97f46bec9db28cb982dfd84e1de3f611046565989b6db6876c2f44817db52bbb62175
outgoing packet, circuit incoming: 0x401, incoming src:0.0.0.0, outgoing src: 192.168.201.2, dst: 128.30.2.104
incoming packet, src: 128.30.2.104, dst: 192.168.201.2, outgoing circuit: 0x104
pkt from port: 59404, length: 99, contents: 0x610104ae1b8d1a510251da06d5836c117d2df4daf283e4c2f743ed56969f641cec7a67d6af11d65b71bf462f4ac30c2f2407f87fbbe17c1583b171dc2b1597b2e557aa1bd6efc52d91951919eb6caecef6b9f1d5ec6af45e736eea97a61986b60
outgoing packet, circuit incoming: 0x401, incoming src:0.0.0.0, outgoing src: 192.168.201.2, dst: 128.30.2.104
incoming packet, src: 128.30.2.104, dst: 192.168.201.2, outgoing circuit: 0x104
pkt from port: 59404, length: 99, contents: 0x6101041975e4559edda6ca334ea7a220a859b3ed1dff59a339d8776416c83b7c2221c9eded68f487bf82be6bab615e52b45222ad9c44ff2e046b2795173d78bea34585ead12a7798752aa198bf2245b92d8b866cc8f4993489dedf3c7bbc4
outgoing packet, circuit incoming: 0x401, incoming src:0.0.0.0, outgoing src: 192.168.201.2, dst: 128.30.2.104
incoming packet, src: 128.30.2.104, dst: 192.168.201.2, outgoing circuit: 0x104
pkt from port: 34752, length: 19, contents: 0x65020233643939386539653760336431396330
fake-diffie-hellman, new circuit incoming: 0x202, key: 33643939386539653760336431396330
pkt from port: 34752, length: 19, contents:0x620202bdab4984d2bb23c45f43fa37c89fa0
new extend circuit: incoming: 0x202, outgoing: 0x102, at 35536
pkt from port: 34752, length: 35, contents: 0x6502023c2927fe75b73aa389d4d939586b17794994df1514f4ccb2fee1be991cfd2c
fake-diffie-hellman, forwarding,  circuit incoming: 0x202, key: 0x370x600x3d0x3d0x3c0x610x3d0x610x330x640x370x600x350x3d0x670x34
pkt from port: 34752, length: 35, contents: 0x620202adf2af96303bfffc7ddafe1cf0293dbc3fc8409d9c70a3c5f13f7dbbd93a64de
forwarding extend circuit: incoming: 0x202, outgoing: 0x102 at 35536
pkt from port: 34752, length: 3, contents: 0x630201
forwarding extend-done circuit, incoming:0x102, outgoing: 0x202 at 34752
pkt from port: 34752, length: 51, contents: 0x650202c0940bab6ca46f8151c8795c8ddef67fedfdc6c428f97a42763b7eecacea9ba8b798db6c6fc639d292b57497e0ba
fake-diffie-hellman, forwarding,  circuit incoming: 0x202, key: 0x190xffffffae0xffffffae0x790xfffffffd0x1e0xffffff9c0xffffff980x030xffffff830x650xffffff840x280x280x010x050xffffffa50x470x5f0x6d0xffffffd90x2d0x2f0xffffffa20x3e0x5f0x150x700xffffffc30x480x630xffffff86
pkt from port: 34752, length: 51, contents: 0x6202026dfc581dbc4785913822f18f938b9e99d76a757b111367b7ad7c8d4a4e650a636255d55f764d440553544d7bbb6eef7
forwarding extend circuit: incoming: 0x202, outgoing: 0x102 at 35536
pkt from port: 34752, length: 3, contents: 0x630201
forwarding extend-done circuit, incoming:0x102, outgoing: 0x202 at 34752
pkt from port: 34752, length: 99, contents: 0x6102018dc56cd42741f9a52a49af4676c1d9222de9f9121291696713a513e1778bc5e9c552ab87a04f7774bde1aa285a6576a2566b1904241ffb5d71b9a2b685baaad56d52687cf917fd1be81887e4285eb5b8eadc39c571fc3a3391ea88061
relay encrypted packet, circuit incoming: 0x202, outgoing: 0x102 
pkt from port: 35536, length: 67, contents: 0x6402027233711b568d565c962a1cbbea11a3f56f7c2c28bf842f0a782a0e24c4a31de2ea3672714d483a91a6441cfa115e79980769b6e24b5ad8e696fed0cc6d24
relay reply encrypted packet, circuit incoming:  0x102, outgoing: 0x202 
pkt from port: 34752, length: 83, contents: 0x610201f985d0e5ef96c9ced885dbf3ed5125de77399626db17edea17163174b4de37c8a36b1c3cae864549de1dbb390f78ddf17b97f459090af90136a14a32b6edb38291649113ac5b39ad6125ab1a4e844
relay encrypted packet, circuit incoming: 0x202, outgoing: 0x102 
pkt from port: 34752, length: 83, contents: 0x610201fffef94d83936a1a5cf065878475811dc72f5a5eb0ff51619febf34e675a57710ef68d0959f0f3833e3fda896b28ea517d7abdc97d9c59c0103cda54f761dd85150cd1e806af71efd1968882fe8f0
relay encrypted packet, circuit incoming: 0x202, outgoing: 0x102 
pkt from port: 34752, length: 83, contents: 0x61020189c826a2a631456b3949d33939b335a40ed2d903af51b91b57045b28b937cfa9770f9ef421e23ea5616139ab32999335e1c1a16fc53c6fc82b1fcbd47240b247914e3aaa490e8b2fc9d4ed77c47a7
relay encrypted packet, circuit incoming: 0x202, outgoing: 0x102 
pkt from port: 35536, length: 67, contents: 0x640202866a6d79d1c74b013cd07565b3c44271db48ab6388dfd4f9b3161f99c6f2678d331a5ebd05cc231f32cd3a2ea6ef8fcf94defb8806f857bc6622450b3
relay reply encrypted packet, circuit incoming:  0x102, outgoing: 0x202 
pkt from port: 35536, length: 67, contents: 0x64020230ccade9f53112a5d5ad28c52ccaf339918d766fe54413779d7a6197c3db783232bc3ceaef58bde67b812625f58beeb6331155efbe12300a0e76b27163b
relay reply encrypted packet, circuit incoming:  0x102, outgoing: 0x202 
pkt from port: 35536, length: 67, contents: 0x64020216e6a6ab7b12f8e35ccf80300829e9369d9dc89e24cc95176493c5655d9221d7a218cebfe1a39406725893695d4cb523a577fdd7b6e947a227cdc3e765
relay reply encrypted packet, circuit incoming:  0x102, outgoing: 0x202 
pkt from port: 34752, length: 83, contents: 0x610201bba255ad2faad726ecb7197c2e8fecc1f832cd9a5732ea963d1a6246c0c63445d7f9961c99ff6fd96dc2bb781d9a978febf27ddf6387a1b9c03c376c8f032cf26fb8782e72f39a5666ca4b37f
relay encrypted packet, circuit incoming: 0x202, outgoing: 0x102 
pkt from port: 35536, length: 387, contents: 0x640202ff20c854c96c116a4a4a514d8a9b88a918655478f7f4a1e14e63ef8a97eccc6dd44d48b0bc2370c0e47966e98489d6f736428208f5555bfab7e7d1c0271c81949693897d9f7c79ac283d272f53421a32102dca7847fae0595bbe7dc8a22350e06fd743b2b0fa79bd7d44043a530818de095a794abcbe3a887744179877cae5fc4f3fa3c96eae17910c82c5261eb65ef7ed695ba5b7db34b15c23901727af412b611311cd9d6cfb7398e918295e24198d84fb9622270c610f3f8fdf9963dca95f2af2c5549b1a27232bedf2d53d4da6044d8aa91c37abedecf34f26e5a6a62a8edeb6f94dcabda4b5da16aba3357577f3a1faf194ad5f1109037647524dd6a4089217b2a5a90f93605ee86ac4152f725237ec488ae295ddfcf3e49fca4728842b0a7778e2cddb246839fd2c929fc612234164bb0184e6fe22695cf35a325e7530f8be2711881c31635ce3d18bfc62c18da61a61cd8974b6c23f994b48fb6de20f3658ac2ddc41bad5262d7e266d559ca67f9b08bff
relay reply encrypted packet, circuit incoming:  0x102, outgoing: 0x202 
pkt from port: 35536, length: 387, contents: 0x640202209f616f3acf0fec3d4ad6cb6bf5913857da6c47331460f0a9fb76416d6cc326a9eda5b4f90b87d6b238a874756cb82414ae8b96288bd4f6d5db1d4b17b98767a126f50cb138c15867d7b46e819dbfa77925f1c8e545580c46062a9ceaeb85b64cc64183ece42eea92e38bb68e7aaf3bb56830c31ae3d980654cf13693f7eddbcf7858577c75287717ebf2fe722e4d131b4adf2f9cb2bd961e463efee423a1980fa4b24e28c9ee4a012378febdbfedbb1ae3532a1b369ff3d526bb08ba8173b9e1f50b2f6228b4ff9a46e82def661fef4872b56373030b525bcae42372dc2119bc12b1e3677e5f5a1cf3cb1a44dee3c104289daa560818835bca0c66d2c68f92b54c9fffaaf2458b0173588e8c82f3a3670bbc565d42d95ba6c574c69e22ffea1515593482d55fb7f42bcd114c47ffb558af3ab158592c03bd97217ce1510e09b45867f3f2032b2f3d42bb65d0e035fb516ab541d4b639d729caa5d79e5236b9eec3692bc99d3b5017bbf91d1fade1379697d511ff
relay reply encrypted packet, circuit incoming:  0x102, outgoing: 0x202 
pkt from port: 34752, length: 83, contents: 0x61020150d332d0f8e1d8f2c4ea8a563bd0953a7964a03dff64229b3cc16b5068e49b9829c34e51ad66cd2c515786763dd23edaf4d663e581b25b967f5355517e08dfef6b9bf99dc2f1528eaa784b47a3c
relay encrypted packet, circuit incoming: 0x202, outgoing: 0x102 
pkt from port: 35536, length: 387, contents: 0x64020278322a7182dbc8bda0c696668b07e38a9f9e959d4e791f0f8afe6ca7d3b592827841bc33252e7a04da5734f8a5e347ad4cc595a7d50773c5d717bcd8e89553378e6cb85aecab8ddefb8f27b25fcf3d75ae3ee7524020f9322fe1fb6b8df48be5b5d10a68064ddeefc2c48dd437af6c7797c6d658c1791274cbd2235d8ee695ae3b245f1e783b5c0bb54d7cf5fe41b2002834eb4b112b6942927bedd78f4ea9dd9625163f86c49935a6777949478c6747d8c885bc1674c83d51539ffe171a863ed584d7b2bf3ef5cb5fe0de295e477032c4743aa455fe3bb4c922ced804cd9152745f38c0e18281925ee8c576cfa5888a7749281447c87331f040f9ae37c46699b11ad5c1b68abe6e2478acf5848702c3a689d3286f80598e729868dfd60704618e6318eb0a250215afce6e7e2bc6d58bf612c81883ee41849c17f84faba3b32f33c1f04720d1795d60ac9e45c5b212397d576f43c0aab0f2a354f0ec837a1e37280f63ad4aa7c34a99d2bfcff4f394164cb4edbc
relay reply encrypted packet, circuit incoming:  0x102, outgoing: 0x202 
pkt from port: 34752, length: 83, contents: 0x61020159e06e8fb9c3427390eac6709d9ec9e692b4ae41e833e7b4ecc9d7ba1d243ddfc4212da139c9eeb23959b715ea5c9ebdf449c9969adced7b243f29f5dc5306380f7127b553be82da298e113df3d
relay encrypted packet, circuit incoming: 0x202, outgoing: 0x102 
pkt from port: 35536, length: 67, contents: 0x6402029c23849fad4fd7f7b177d62363f3a87b64daba25a5d51e8dc76f411767a81e8cd82d7187acdbe4674ca3f42b3e1f527165e87c9e24850c396349acb28c13
relay reply encrypted packet, circuit incoming:  0x102, outgoing: 0x202 
pkt from port: 34752, length: 83, contents: 0x61020173ca64d811ca37532eb22498efde9fd9ba3a3715f6b952fe1a2ce7b4d7dfcf4ec1e1bf89944fff9a2223a753df55caeb52099ca8324a6ffec944aae098907cc6ec35c88aff85aa67d06ac23d9604e
relay encrypted packet, circuit incoming: 0x202, outgoing: 0x102 
pkt from port: 35536, length: 67, contents: 0x6402027e3a0742316f1dae44241aaa5d1ca954638addd18fb2765ac6e6f5e89f9bdd4c3e298f23b1bb76aaf34d9c367ea0a78e2bdcc782d57c2f4e205c2c2d
relay reply encrypted packet, circuit incoming:  0x102, outgoing: 0x202 
pkt from port: 35536, length: 19, contents: 0x65030532376231303932623633643030363060
fake-diffie-hellman, new circuit incoming: 0x503, key: 32376231303932623633643030363060
pkt from port: 35536, length: 19, contents:0x620305dcc8dc654cf14fac287758b64c0b51c
new extend circuit: incoming: 0x503, outgoing: 0x103, at 34752
pkt from port: 35536, length: 35, contents: 0x650305d56f18722c6c34e4fc8c58a0d9dc15bd68f82c442d9a88f04b1912a29f791ec7
fake-diffie-hellman, forwarding,  circuit incoming: 0x503, key: 0x310x340x610x320x330x3a0x310x610x350x300x670x330x330x350x330x63
pkt from port: 35536, length: 35, contents: 0x620305cb57934be5322dfa16bdbba82d8bfbfa0912572967b86c8636ed3c2eb44c6e
forwarding extend circuit: incoming: 0x503, outgoing: 0x103 at 34752
pkt from port: 35536, length: 3, contents: 0x630301
forwarding extend-done circuit, incoming:0x103, outgoing: 0x503 at 35536
pkt from port: 35536, length: 51, contents: 0x650305a0842ded9faa8402753b1bed480e39c30a68af039788aa7b18ea967831f2d8b7569b9fc7cc8de6af49b79d4df7cc
fake-diffie-hellman, forwarding,  circuit incoming: 0x503, key: 0x560xffffff850x240x630x4c0xffffffde0x0b0x470xfffffffd0x2c0x7b0xffffffc90xffffffdd0x750x630x780xffffffe40xfffffffa0xffffffff0x5f0xffffffcb0x570x2a0xffffffcf0x370xffffffc70xffffff990xffffffdf0xffffffab0xffffff9e0x1a0x58
pkt from port: 35536, length: 51, contents: 0x620305779dc32ca028bafcf375c87bc66b7a6de881a757da74dbab7a8e44b11417140c7d4648713656959b95fb17bb1e233e
forwarding extend circuit: incoming: 0x503, outgoing: 0x103 at 34752
pkt from port: 35536, length: 3, contents: 0x630301
forwarding extend-done circuit, incoming:0x103, outgoing: 0x503 at 35536
pkt from port: 35536, length: 99, contents: 0x610301fbee5f5ae9ed87efa42c257e7bcc044c8c5acce1918963e351d4040a0cfb2169a1b957a2ea176f761c76393014deb3ba20c5e067915dda4ddd1915a1d2ac9db8c06623cb32fb651de432c6968a88d01fbe17e674d6ae96e4ce115c6e8
relay encrypted packet, circuit incoming: 0x503, outgoing: 0x103 
pkt from port: 34752, length: 67, contents: 0x6403053a43ae42f6cdccf31a2ce7e18d1a3e2a168b31f92862efba3e15166a34da2fc0e9d5b90239d19b0f9b7f656af42df1e8edbb4b1c36e40accd6dd6ed5ca
relay reply encrypted packet, circuit incoming:  0x103, outgoing: 0x503 
pkt from port: 35536, length: 83, contents: 0x610301565e6169b82b4f78e77a4fad064658a7e2a5c5b93e5248810a02f91b63f5b7c2b6875fcae39ae90a44012861e6df496e9cdad9d5be5642ab5a8fbadb09e937aa88016618e8974a6e18c13b29
relay encrypted packet, circuit incoming: 0x503, outgoing: 0x103 
pkt from port: 35536, length: 83, contents: 0x610301eb92b8d927a72e2129a2ae4d4abcd07560136d7f38fd6ad2da7f9d186c969566c5f4f55bb1611b5abaa44de6962ee529c85fae729f30e137a8248e11c3576888aa3694d8d09779fd3b98836339
relay encrypted packet, circuit incoming: 0x503, outgoing: 0x103 
pkt from port: 35536, length: 83, contents: 0x6103017b9e151134ef2474bdea17b1b17825d5e71f745c351a5fdfccfcd253678f019796b41b0dbfde99de6095c81fda9d258de4ab150339d1abe7e9467c5952d6f3b2f3586513859d0b8a54c228677
relay encrypted packet, circuit incoming: 0x503, outgoing: 0x103 
pkt from port: 34752, length: 67, contents: 0x640305b5dc85165dc6bcb469577472afeb87344b147a30a52feed12c595e71b315604cd86cd94198d91c32256e772c3da9378bde3537141a58fed6c63c3693
relay reply encrypted packet, circuit incoming:  0x103, outgoing: 0x503 
pkt from port: 34752, length: 67, contents: 0x640305d97d24d7de794c17ef1c90a769be62dc133460c2a01632745b2830dc57f281dd0da74c98d51611ad4a985e7ab36122e9e59beab976e92fb29656c80a6
relay reply encrypted packet, circuit incoming:  0x103, outgoing: 0x503 
pkt from port: 34752, length: 275, contents: 0x6403059af4467ad55945d9643b1ee6b0c79ea74a9f776dc5b8ff82abf1f3af1eb322fce80ef9fa49de662dd92c399a6196df8ef57fe1821873eab71aac5ffc8216612011237bad8e1c564b8889f8d9f61fdd69d24fb7341153e2662bdc2ec2e8289c55df7225607d5b55c2b4aff8bbbb6b7ed3dbc59db1945b4fdeeeba64c9d9eb1678edd862844f5aaa67bdb665326cbe4c5d9d0cd1a6af77f75be7418aafb849a15e84f949d6fd81924eafda686c7fb3ede7687cf4164978cef347682782641eefb76a9a54aaa1c1ca6511b58937424c404fce8d41c31beaa43be54addb35155818e198e9a99035d62c76f97a231b193e62ff5ffe2178067117a39892a31cfac581b69cf5ac3
relay reply encrypted packet, circuit incoming:  0x103, outgoing: 0x503 
pkt from port: 34752, length: 67, contents: 0x640305ef4535f2ba43ecee394c9a606b6b6ea9574e530ba1d49a441560ad784c85f0173fe6fa7b8bc8ebb4897cf46ca4ae447fe0733edba3213365c374e3ba6
relay reply encrypted packet, circuit incoming:  0x103, outgoing: 0x503 
pkt from port: 35536, length: 83, contents: 0x610301713169865929a608648b67b0e46927a5b5298c2deaccba63b65e683317f38cf97f5897b6cc4f13e0c4d0d9a11d2f5d638b943466dd35cd14b526eb17a61069da675bd0a446a6f7cd1b2f6cadf954
relay encrypted packet, circuit incoming: 0x503, outgoing: 0x103 
pkt from port: 34752, length: 275, contents: 0x640305d0d5165f83fa2150a9e9adc944a28bc827563ab4c861fd80f017a556e381ffc9ad9cb8d864228f922bddeac09cb2752bb8f794bdb1280e9af8be34ca156762012b2393d9094f90b071fadebc6ee2d4a166e857ba8bcf1b3bbb27eccc6d61277145fb4b68ec1353276d392916c3a973d0a92f8a8f813c5e998eda4063222f8abcd845feb0d46aba70a4d0a8ec89e8310b1c66ac5b6c7961a9ba0415f2e7d7c40c95bc04d25cd401ff39788c5fce2cb66609fcdd026d87b23d0704681e07a598d49ee725acf5efa26f58ecbf746ead33b93e6868e251e6ac811e7e8e287c2ce8250a0dd7f7a245f24617cf855c19979de91eb1f0c9caa7c9b6d799579d42f388ee388f8c32771
relay reply encrypted packet, circuit incoming:  0x103, outgoing: 0x503 
pkt from port: 34752, length: 275, contents: 0x64030559f4d8c5a0576bccb65f8b12b29752206b1c8b2f7258c4a2808c4d78a622599c84f24b77bab5338c2576f5f55a4e2d1fab12f8e9c4ef989d37c8f543b1d6fa4fd15d8c92a94c8bad87e6a6c6edb94bcd9afe6e5033e0edf648dec49668a8fb618130d1a22aca134d318ca282deb237f6cbdd450ee1d73f762ce32e5e39be4f54f708f2933d010b6afb15eed1a9f4a463ccc645df9b9b7717e160d1ab5c639e33780fbd7b55f5484b91287f4b73a00dc87f7837b3f4bdd06612c20b0d7f53974249cdf10c6354cc784b562affb4995c243548ad753c6510be5a81d9c385d5d57c3d1480eb30f050b123f9cc2bd8f3c065be4693a90a6ed2ccd2bd2e5a3f9a6bd4d86335dacc8d3c
relay reply encrypted packet, circuit incoming:  0x103, outgoing: 0x503 
pkt from port: 35536, length: 83, contents: 0x6103017ad86950fe226ba0423760ecbd583ee8e2c027485c14a06e5599dd16157eac4ba0b6ef81414e65dbc27f78b228c163aea14dbf1fd454af222e7e2b5df60e11fad5d16c61477f854d4365a6a3b2858
relay encrypted packet, circuit incoming: 0x503, outgoing: 0x103 
pkt from port: 34752, length: 275, contents: 0x640305a12ec3ccaaba438372b682dbcdca9472d135d336937e3608c8f808c1f444fa6d5abb0125c7f2f1bd257e2e8c3be83c1a58293ebc5c75d8b201afc167ac2df51daf51b64ec1a8cd7747cc1bf38c57f3c8fa1e66175acf7e2297c23f81cbfe1b4148ac7384a03c32852142aab60587a21e5873b2c8b58caa64fc934cdeb742de2824dced8c5b83f6fac02de2f33af0e9fc578d04bee85446f3ceb42fe2fed53bbbe9e91da38a46216a0906d7738c6f5bf5d61811126f486909f4a6a1f3b3ff97c1b0d3e3842972d5c327f7f5abaec7c47afbe1343c89563df2b2a9b123e1cd8d7bc2cb331d7521bd1d9a6576c5e91560c24ce37abb41b542149ed2bd6061f197e826c398c6e8f
relay reply encrypted packet, circuit incoming:  0x103, outgoing: 0x503 
pkt from port: 35536, length: 83, contents: 0x61030165a52f69d75328e3b87fa8b43bfe5736572c5c4deeea92d1c9985ea83334c0f0523ea538888efca13b611dfda4f674bb462489b15771146a042279631259b8d85f011a771cba764cfe7bf6dcf9365
relay encrypted packet, circuit incoming: 0x503, outgoing: 0x103 
pkt from port: 35536, length: 83, contents: 0x610301daf7ac2b1df521d55b985759118a92f197198bdafc24a7be65fafb51359293677cf9647e929d65bd1c154629f4c575641980b7ddd230727718a789be69fbdb5a829e75aa5d4669b984cae9e5f132ab
relay encrypted packet, circuit incoming: 0x503, outgoing: 0x103 
pkt from port: 35536, length: 83, contents: 0x610301d8e7c79dcf792dad39e1d5269565de6461e88f25b8899251a36a6139e34acee563e6d9b07efc18e5d9516244a1c26edf2dc9a19fd76119764cb4d89fad03039a287464a9255bfaf4b8257343f26a
relay encrypted packet, circuit incoming: 0x503, outgoing: 0x103 
