router: 4, pid: 2882, port: 59404 IP: 192.168.204.2
pkt from port: 52675, length: 19, contents: 0x65010335313c3d32623c303432316060663360
fake-diffie-hellman, new circuit incoming: 0x301, key: 35313c3d32623c303432316060663360
pkt from port: 52675, length: 19, contents:0x620103f62ba8da56dcdd208f1afeefbb951e
new extend circuit: incoming: 0x301, outgoing: 0x401, at 58273
pkt from port: 52675, length: 35, contents: 0x65010318c7288a14108f21a416cf675bb1edfe6f4292121fd673e5bae5d53f4e96aa9
fake-diffie-hellman, forwarding,  circuit incoming: 0x301, key: 0x300x340x390x380x370x670x390x350x310x370x340x650x650x630x360x65
pkt from port: 52675, length: 35, contents: 0x6201036eda85f3a6746dbb2fd05ea328e5567531ba2510ff9b6373b217bbcd5de4bd
forwarding extend circuit: incoming: 0x301, outgoing: 0x401 at 58273
pkt from port: 52675, length: 3, contents: 0x630104
forwarding extend-done circuit, incoming:0x401, outgoing: 0x301 at 52675
pkt from port: 52675, length: 115, contents: 0x610104a6bf3e549a1bc995daff97c41d0bd9c5c968cfa12b02ebb2bddc4ca9bd2854a1f966a16a55c47ad939a94a636d795cfbc46bf3cec1df267b42295491338f7e5d91e62edf3ff5b3ec7496db5623826d2cda71954d935c57d0825f26bba78d5535da27e64d6ae69f5f72583170
relay encrypted packet, circuit incoming: 0x301, outgoing: 0x401 
pkt from port: 58273, length: 99, contents: 0x6401039bb3928f342ce2f587019da9345f8af392a05546eb4d59d9ec5eae96bef6f116a735b417f6e614248280d6f480087651e32c889accfbabd7fb99317f2ed52c493779b64148eea68afc21840de30d110daccdbb6b344413c278bd277377
relay reply encrypted packet, circuit incoming:  0x401, outgoing: 0x301 
pkt from port: 52675, length: 115, contents: 0x610104a9ed8e8c17623ff8701cd1cfad66fa70f5ce63f6a2e419a3792729f457635e97d8a97de39cb7a7f7c42378748ea8ea2a444cace9ca242b3f48f431ee57513c641e202178dbedfe37c754f3be3fe441af6a173ddfbf67981a987dfd10655fe88c3d66bd482ade1514b45481371683
relay encrypted packet, circuit incoming: 0x301, outgoing: 0x401 
pkt from port: 58273, length: 99, contents: 0x640103a99f585483545d717e6568e29c7d484184a7bd571ba798a1991739b2f29d7c8f86b97144e4cf5420a6c66a887f9e3f91cfb556b5216a1de50f18a236267035222e9884e071981652c328b5f31f65d677f72245ceb8a966d75a691a2a61b34
relay reply encrypted packet, circuit incoming:  0x401, outgoing: 0x301 
pkt from port: 52675, length: 115, contents: 0x61010491361e3f3a71313fd74244554a461bbe8a3217cb413ba41e7a68d708214afa0612db277189ae1a657bee871ceeb5853f5a1fe4ea512efe6f79ab8c3eb4687f368e234d8c79582cb1514ff7577096a9aa5b2b68394a5a617202b2a36453894b77b2a2716628341f4a8f34bc14a8a38
relay encrypted packet, circuit incoming: 0x301, outgoing: 0x401 
pkt from port: 58273, length: 99, contents: 0x64010353d2d1fd1c2fdc51f9ed3d850c0a8545e9509f792fa68227d546da84ca10b266ea386bfed1ce3f8d6b2ca3889ffc89c7bbdd4f7190a24d69db356b9d8f9886b2a4f3caca06917a4834064d4203c485416b7736ffd7a97c7467a59ec21
relay reply encrypted packet, circuit incoming:  0x401, outgoing: 0x301 
pkt from port: 57108, length: 19, contents: 0x65020036613c3c3d603c6032653661343c6635
fake-diffie-hellman, new circuit incoming: 0x02, key: 36613c3c3d603c6032653661343c6635
pkt from port: 57108, length: 19, contents:0x620200d93bbd24bb9d295c390d75cf94fa0
new extend circuit: incoming: 0x02, outgoing: 0x402, at 34752
pkt from port: 57108, length: 35, contents: 0x65020066cda8e603b8a49aef508f3869aa72a710be75d4f7a0dc239ab421d680fc
fake-diffie-hellman, forwarding,  circuit incoming: 0x02, key: 0x300x670x3a0x3a0x3b0x660x3a0x660x340x630x300x670x320x3a0x600x33
pkt from port: 57108, length: 35, contents: 0x6202008f32318ac6b8d394784c3d2a180387d2a6706d206a0ad198aba288f8793c4
forwarding extend circuit: incoming: 0x02, outgoing: 0x402 at 34752
pkt from port: 57108, length: 3, contents: 0x630204
forwarding extend-done circuit, incoming:0x402, outgoing: 0x02 at 57108
pkt from port: 57108, length: 51, contents: 0x65020016c8562a7a2296491e8675047c0d43b38f04f708fa9545abda72813911711b3c6be86ad7229985f75912a9d63bf20
fake-diffie-hellman, forwarding,  circuit incoming: 0x02, key: 0xffffffe30xffffffe20x040xffffffcf0xffffffce0xffffffbc0x050xffffffa00x010xffffffdf0xffffffb50xffffff840x3e0x160xfffffffc0x1c0xffffffcb0x100xffffffcc0x580xffffffb00x630x0b0xfffffffd0xffffff9d0xffffffe60xffffffb00xfffffff10xffffff890xffffffb70x7e0x06
pkt from port: 57108, length: 51, contents: 0x620200963b51b1ab71f5543515fc4fe170857bf7c230c0773fedc0f186376dd5f2462252c29cfd09d65674dc071527418b3b5
forwarding extend circuit: incoming: 0x02, outgoing: 0x402 at 34752
pkt from port: 57108, length: 3, contents: 0x630204
forwarding extend-done circuit, incoming:0x402, outgoing: 0x02 at 57108
pkt from port: 57108, length: 67, contents: 0x65020069a6135e7dd37cab77f70f039cda4b488e7375f892b53a6c35f65b2bee8769adc878de2746b9efc4f9d7947e6c36984c87fbac2e33deb1dded6d3a7cd7d7
fake-diffie-hellman, forwarding,  circuit incoming: 0x02, key: 0xffffff940x050xffffff9f0xffffffb90xffffffc80x630x310x100x5c0xffffff9d0x2a0xffffffe20x2b0xffffff840x1c0x6e0xffffffd50x140x0d0xffffffa90xffffffd10x600x060x320xffffffe20x100xfffffff60x230x720xffffff880x3b0xffffffa70x210x0a0x1a0xffffffd30xffffffe90xffffff840xffffffce0x610xffffffc30xffffff980x5d0xffffffba0x250xffffff950xffffff830x56
pkt from port: 57108, length: 67, contents: 0x62020031f734afee2e2ae7f84fe5f6236e01936d110b178c29f798b6f893f4f3f96a215f2485b72466887e7b59f4f92bc9f8e144d53b3f4ff4e94e52b6e1f3c
forwarding extend circuit: incoming: 0x02, outgoing: 0x402 at 34752
pkt from port: 57108, length: 3, contents: 0x630204
forwarding extend-done circuit, incoming:0x402, outgoing: 0x02 at 57108
pkt from port: 57108, length: 83, contents: 0x65020045bbf04a2db0d32cf03934346147ceb1a5a56951e863fd556f0cd3aee157b71bbd8610c94e83561e64bcbfe4f7b29591f216da51e9b8fc280833bd359ed8f03450f269eb929fb66f8123fb96f6a
fake-diffie-hellman, forwarding,  circuit incoming: 0x02, key: 0x5c0xffffffcd0x1e0x420x1e0xffffffbc0x620xffffffaf0x680xffffffb90xffffff980x140xffffffae0xffffffc50x690x130x1e0x6d0x6f0xffffffca0xffffff960x210xffffff950x600xffffffeb0x7c0x170xffffffdd0xffffff930x1a0x070xffffffb20xffffffbc0x540x3a0xffffffc40xffffffc60xffffffbc0x360xffffffc40xffffffa30x560xffffffe30xffffffbf0xffffffe50x350xffffff900x620xffffffc80xffffffdb0x6e0x1c0x080xffffffa90x410xffffffbf0xffffff950x3e0xffffff930xffffffc40xfffffffc0x290x450xffffffe0
pkt from port: 57108, length: 83, contents: 0x6202006da99121531239925f8961e1b78c4b1f305bd6ab5b4d3c7e1ce76d1fdaa8a6b24f62f62d7959c2d2bb3ef2313c6cde887fec37a757e6d8f82b97ca4e3dc986d0fa2245df5cc8e7155dbc19fcfccca6
forwarding extend circuit: incoming: 0x02, outgoing: 0x402 at 34752
pkt from port: 57108, length: 3, contents: 0x630204
forwarding extend-done circuit, incoming:0x402, outgoing: 0x02 at 57108
pkt from port: 57108, length: 131, contents: 0x610204c3e4779bdca171667ed7572e0fdb61f9e2da9678af8f2c53283d1e1f7bf5c128d6c26e5a4b16303329ca9fe4a15dadc296e4f34a3a863e04cbc30353c815d7f8981a5c55747b5e0925fc871f4f1d168e4f6d1e6bfdf97f461a42839eb55d0c8df2a113f9f4319b5b7467b38e782d2a621c1202c143fb0c66475b19
relay encrypted packet, circuit incoming: 0x02, outgoing: 0x402 
pkt from port: 34752, length: 99, contents: 0x640200def7b11a3569b4592c34cce2f17d141367c07f728236893abd4eca45dd4c256e19de267ccfc2dcdf5dc3b11a2f63e956697589d2ad815da8b6a752c3ba1bf410affe5f267a61682d2f43abf7de23696241f5fcbcaf569ac1ad737579282f
relay reply encrypted packet, circuit incoming:  0x402, outgoing: 0x02 
pkt from port: 57108, length: 115, contents: 0x6102047e2539b380b675d0bf499bd5f6559c6e7579c4bd46f8cbfdfd727c55f05df750842d256bddf997acd9bd921683502d899282d4748dc9ab4fa18624061c2656d40eaae987693c369c1732d88d04e9689c016d652e4f8a69697c646be4be8ac81fbe8d2c484bfa3cf7a146462319
relay encrypted packet, circuit incoming: 0x02, outgoing: 0x402 
pkt from port: 57108, length: 115, contents: 0x610204c7fabf581c6a5ac977c47a132ac9613a590585bb1b331431c6c398c832fa2788fd3b9eee4df947bc12eadacd3b711bba6f72eb34316e32495c6c19680fc895e61d419481d8b5908c106d9ef2d9a6887b01a27e8c677df5d7fdaa0ee97236ba646834f91ad21e75c718f8912e0
relay encrypted packet, circuit incoming: 0x02, outgoing: 0x402 
pkt from port: 57108, length: 115, contents: 0x6102042df45e30cf828333e112ed5c7f77fc43ec68b831769935c9d027a851cddfdc68f1ed88dbbfcce857b55b21dcf4d83feff72c634321adc2a97c7927b333a0951d504b742f62fb201c311f06458ba46a66c752678986c83db5b8c88b2ef149b6095208a99ba275e6a43c59563668
relay encrypted packet, circuit incoming: 0x02, outgoing: 0x402 
pkt from port: 34752, length: 99, contents: 0x6402001d486d5c123478a9b55cfcb1368f0b1dec2556c36de5deadbe25b755cdbd31d76499128ceeb8e86e9dbcfc3c71b612c2d78cf525bc2f6163f6ad445445c2515d8807e58f57c3b3297b0bc2de8a71e1de9d98ea1520395bd1a7dd1ecf
relay reply encrypted packet, circuit incoming:  0x402, outgoing: 0x02 
pkt from port: 57108, length: 115, contents: 0x610204329fb7d74fdf82728bcde8933f6de112ff6b29f8d5a22be40634aa2967520f7d0fec7a6c8d2516c69aabfaeb7d4244e268096bc6128b86b7bee6ca824fbf7eb4fa45f2634afdaca69e7e5877c4da8032139823a1ccaf258631ea2e1156f4afbc1bc0855f278bc3815d92bba
relay encrypted packet, circuit incoming: 0x02, outgoing: 0x402 
pkt from port: 34752, length: 99, contents: 0x640200d397fd2bddd71bf7bbf5a796d9cac34b6833d7688965eba4a6996b7db7c3f0f4f71435a3f14bd8f6388ef0a9625f883aeb9a3c109932f8a0565b608d3d3efb561cf5e47cfeed38da6e4ae6b3cd8265a4aa49c86124f508d9b95b0964e
relay reply encrypted packet, circuit incoming:  0x402, outgoing: 0x02 
pkt from port: 34752, length: 99, contents: 0x6402001fdf36bdbea7a23a17cb214f28fec581cbdeaffe8a2bee392cadcee94f5ca8e45cbc73762d6089d8b9232d05bcda3328bbfef930bb46aa488f55c1e7749d8987621541361da841a34977c9f06a13a5fc62c19ce31dbc4c35dd3c729b5
relay reply encrypted packet, circuit incoming:  0x402, outgoing: 0x02 
pkt from port: 34752, length: 419, contents: 0x640200d2ccb1a49139d3b22abfa5f79a9888aaf286dcb223271e2c868b84a1957f7967316f7c342e78b03cf7a89ce7a4e3459272544f723b3e6b42c0d98576552657ed1a27590eddb887c52d25fa81c30f656fa79f1b57c64df4ee4f82bce6e736574f92478af13febd436f8d89eae499ac4413eeac3a644df7c3cd8e046b7a07d740a0edc67c2566d1a7c4322546d66c01ff6d92fa124ca8d3519392bca2ba03162dbef9b197cd26854fbfbc237f568e593a99fde57de9f32e8b217abe13ebfca32bcf9fc44db4be5d8b9da19cd0961a4af1f2bab6984e258c6e2652e6fb5bc562ddb903fa2f983a79adbb3d9df574d7e51a821a385b49b4e192c43e7429186ec0dc41d798a9321f3cbac9f13a62bb44bae8efa465ec3210f1bdab2d381b48b942fdb9e557e24fde8277cbd969df45e894213938f325a5a4ec340a192ccdb667dd9a85435bc70fcfd916287b29164a24fd5cab4e7aa74d4342ce3fefafa2941857231cbea91a4dc881b664378b37e3d042bcb33237bcbc72f3738b828e0bfd530306adc723b257504bd57c443af76cba28bb097a827
relay reply encrypted packet, circuit incoming:  0x402, outgoing: 0x02 
pkt from port: 57108, length: 115, contents: 0x6102049f39f15a61b87c0d111f49443331997caa821fff8ac4f2cbebee918db71109df633ff83755bdb959235bad56665a65ab225d6cba19bef758131abf3f2bc17b250db5049808f21783164d75c9fa1af7c3982ca7a1470d48a9534b6885de746a236f25deb4281d332b801749
relay encrypted packet, circuit incoming: 0x02, outgoing: 0x402 
pkt from port: 34752, length: 419, contents: 0x6402008851b28e3d474bd3b534ba6904c3cdb885aec2284c37676747656f485071214f14749f7faed8b8233c9079c7784e207f74cca1429d08ae475be7583c2933cb335c287c8fec2831d86840e4b096ab93406570c3f9232fe978f085a30c05b571b9b20407b76db4d9c283fe5ef9612b5504b0117f6bad99de3aeb4f055ef83bda1dbcec0241138b5f4bd716a9487bef2f8bc4be418bb34be4948a784aa9a5d743a2dd151a461e1b61657e365240ff8661a3673bf01feb7eb5cfd29aa2bd8b071e4e889cbebfe3b58a33388f9036701a321a72104e48c4705a82ed93bc1f209cd3b75bbf5bb7efb1a36acea98fb97cfe549fb959cc86969aaf36db66eb7e9d5184b880dafca7491e3c748ce6502ac32b906944b67affae86a002f3490f5b7e468adb4122f84a1933da08317878229d8332ff8339e8a2ee23b6c6eeec7a9a5b6314197ef0dfeb9e7fdc4af81774722cf812382cd05578b19c3b66a59ef7a651f75734ca84eb12d1466332971275488cc9a7d8e719878159b2aa9fd347dd92261d3a546c3df59c0625b93bbafda59dc2d2dd332be740
relay reply encrypted packet, circuit incoming:  0x402, outgoing: 0x02 
pkt from port: 57108, length: 115, contents: 0x610204bfa315f2da45592173ce3e17ecc94d32c2cc545e22977e7cfae7feb33299175afe1a2142f81a7dfb518af5a254050822341f6c160ce4bf667355bd04d69379ce7f3775caadcc3ad3a93b48e0d1a723b57fceabed48d653d29e39e65f1412b54fec62e46154df31b55df956bba
relay encrypted packet, circuit incoming: 0x02, outgoing: 0x402 
pkt from port: 34752, length: 419, contents: 0x640200c7e9873f6892442659c78a8f486bd2ee123291383e12f15baeb29ef860d7dad12a9cf4a959c654c534dd8136e592452698974e7789ec9747da1ace1bc64a549e6e24bd9efb4c122cdd811572edb533fbe1b184a8f25a48ac4ab294aee43653f6ff12d4c37b821ea5ea32f4d5bfd2c5234d9c92922a59ab8be66b2f3e2734034a6f698f2309bb46858988c8b65504166b6154bda5e94677ab13ee5b3bf59b6956d881413fdc9f49279bdff7fd62b911286bae958e12d9faa056db20d58d54e4541db95c1ba225241b1a744bfa1cacd51d3c0d56eca6429d7f475e97490baf2ac9fb8c8bb942599f7164a9dc8a34eb7f5fd3f1cb95e93f54c1f959d62abdb4e7fa28d583d348ef3126ae4ce31c54cf8bd42afc3dbef8e129f6ae89cae2bf562e3692b27be616af4ea61cb44a0ffc0da9cf37de0aa588ae046bcedc0c1be109789f985745137f7dbc186d9e3f9cf235499dd830d1414e5376a873ae5fba69e706d62afa0a6e7e24c6149ec12cc3a551995a6454922364611128c269774abad416296d868cf0d1229f27a79fbe2882325abb687c979
relay reply encrypted packet, circuit incoming:  0x402, outgoing: 0x02 
pkt from port: 57108, length: 115, contents: 0x6102048e2499ca8b764934e128e1b6f2d21415c593f0f764f751bf5c57cc1f8b2aecfd7ebb53eca9fe3dba84dbbfb2e8be6872c1cc53bda6aa39c2e991af807128ed6a0e1a037944a3d9af712dd48d56fd6c42ee46e9f19c6b4b5b37baa251587884ee5724e711253b587bae93ac24
relay encrypted packet, circuit incoming: 0x02, outgoing: 0x402 
pkt from port: 34752, length: 99, contents: 0x640200b2ffc86d36ebf7c9e76f0384d5f1df8c05d31fda2693ebbeddac997f8485de7fb41f0ebde7dbafb3a674d47e94cacf3401434699958eba88fbb86165972d5ffb6c968512154d1531bdbd7442332734f63a7280226ab0505d9cbbf2222b
relay reply encrypted packet, circuit incoming:  0x402, outgoing: 0x02 
pkt from port: 34752, length: 99, contents: 0x6402009337c943c1d62948aae1d891f19f7b74922ffb9a60373961935fe14c6aab139fa2bd7d2bf05fb9e9f2daecdea4a838b33ded97b3f22cf4938a66f2e7b493ffd8a8a0406b20dac451c99818be5e64c1af176ed4f8956a4ef6726d25f23c48ab
relay reply encrypted packet, circuit incoming:  0x402, outgoing: 0x02 
pkt from port: 57108, length: 19, contents: 0x65030037326734353c37673336613535333565
fake-diffie-hellman, new circuit incoming: 0x03, key: 37326734353c37673336613535333565
pkt from port: 57108, length: 19, contents:0x62030017fd77cc6b5861611cf13ba7a1ac0
new extend circuit: incoming: 0x03, outgoing: 0x403, at 35536
pkt from port: 57108, length: 35, contents: 0x6503007c8869f5725dddedc33636c3d1957eb14bbe5c8dc3cb359faf1359ed92825c
fake-diffie-hellman, forwarding,  circuit incoming: 0x03, key: 0x360x330x660x350x340x3d0x360x660x320x370x600x340x340x320x340x64
pkt from port: 57108, length: 35, contents: 0x62030039db73ac9ec5e358b351f3660ac24288b822df9f1501784f7e99d192e3f38f
forwarding extend circuit: incoming: 0x03, outgoing: 0x403 at 35536
pkt from port: 57108, length: 3, contents: 0x630304
forwarding extend-done circuit, incoming:0x403, outgoing: 0x03 at 57108
pkt from port: 57108, length: 51, contents: 0x650300b5cdc1a761d5757dfc1a51c03a9882a68977a8a21f9ee83c778ea5b84baebc15f417e2010979ae1544bb7fde7c3f64
fake-diffie-hellman, forwarding,  circuit incoming: 0x03, key: 0xffffffbf0xffffffc20x770xffffffc00xffffffd00xffffff8d0x2d0xffffff910x650x3d0xffffffbe0xfffffff80xffffffd30x560x500x640x7c0x350x1f0x0a0xffffffa70xffffff810xffffff9b0xffffffb60xffffffac0x6c0x420xffffffc60x1d0x590x220xffffff85
pkt from port: 57108, length: 51, contents: 0x620300dfd6a61db6483457a08682a949a92988e480c147b0dded357fd97886a31ed2fcb95512ab3f54794fc961feab7f3480
forwarding extend circuit: incoming: 0x03, outgoing: 0x403 at 35536
pkt from port: 57108, length: 3, contents: 0x630304
forwarding extend-done circuit, incoming:0x403, outgoing: 0x03 at 57108
pkt from port: 57108, length: 67, contents: 0x6503006e14bb7b1f8aaeaea93653d9bddd0d9a05e68fa203a97b8e29dfbbb9f956407771a3ba9bdeb2d9c7ffa324d164949da6712287a6e23311c0ab9db66d9f6666
fake-diffie-hellman, forwarding,  circuit incoming: 0x03, key: 0xffffffa80xffffffd80xffffffe00x1f0x460x100x400x4f0x7e0xffffffe40xffffffc50x190x7e0xffffffef0xffffffe90xfffffffd0xffffff910xffffff8f0x7c0x0a0xffffff9e0xffffffa10x220x2f0x7b0x7a0xffffffce0x7c0x640x0d0xffffffc80xffffff8c0xffffffe40xfffffffa0xffffffe10xffffff8f0x120x2b0xffffffe60xffffffb40x6f0xffffffb40x690xffffffb10xffffffc50x460x090xffffffda
pkt from port: 57108, length: 67, contents: 0x62030049c3bd38705ba62f39af48a587fb7c985e074a217ee35214346af99e587a8ff8c1fe453fbc44eae024fd1dd0244b3ed0f6fb897e88f162df7de22254c7747
forwarding extend circuit: incoming: 0x03, outgoing: 0x403 at 35536
pkt from port: 57108, length: 3, contents: 0x630304
forwarding extend-done circuit, incoming:0x403, outgoing: 0x03 at 57108
pkt from port: 57108, length: 83, contents: 0x650300e53a7020dd5272929b669363f765f2846b423bc49ac4f36ac57b83c6c670c28d65ff3c5211898efb120bbffd4ed6346d9f5ec2eda91f652bb56967e978ab6fdbf2361e7aebeb445a8314653b27e3
fake-diffie-hellman, forwarding,  circuit incoming: 0x03, key: 0x110xffffffac0xffffffe50x3c0xffffff8c0x0a0x0a0x130x220x790x2e0xffffffe90xffffffcf0x580xffffffe50xffffffec0xffffff980xffffffd40x680x200xffffffd20x1e0xffffffe50xffffffb30xffffffa60x360x5f0x2a0x000xffffff8f0xffffff9f0x170xffffffea0xffffffe70xffffff950xfffffff60x3f0xffffffa00x3f0xffffffa90x710xffffffca0x740xffffffd20x4d0x140x0d0xffffffd70x700xffffffc60xfffffffd0xffffff8a0x180x610x020x670xffffffda0x6c0xffffffa70xffffffb40xfffffffa0x210xfffffffe0x4f
pkt from port: 57108, length: 83, contents: 0x62030069fdf2af452fac36a24dd511597e5cd24731c4751bb89c7ab4efa6f99eddf8d9b2f4a4fc9f0b28e3ce7dd314d1928f7387b772978ea4965d324f49e5d654435c31c9cccb73a2daec8a12232fda
forwarding extend circuit: incoming: 0x03, outgoing: 0x403 at 35536
pkt from port: 57108, length: 3, contents: 0x630304
forwarding extend-done circuit, incoming:0x403, outgoing: 0x03 at 57108
pkt from port: 57108, length: 131, contents: 0x610304e1c520a74f952b22eda017bdd7fb34d5afd8e142f5c712e9e3c5bd21f11277f9f3b4fcc93fa88f0e529990db224a7bb0fe9ccb78cbbf69ad86da77d143c495c6bd94b9631437a15d4b945d2bfd43a18ebfdbf06acb9b8625346bc01bc7681b9ef3dfefc2b11896c91c888925a5c907783f778f0e7db2a367de9b5e1a
relay encrypted packet, circuit incoming: 0x03, outgoing: 0x403 
pkt from port: 35536, length: 99, contents: 0x640300a7f62cc5cec7aae8c7214bc8293c78ee63546d889353fe1f4e1bb4e4586caadcf4bfe2a156f34dcc3f8c5cd3b62856d31fe2bd1108c377afb18532692d098c7cf73c0f28bb898758850b9ef4c7db76881d11ec244ab99be76267eb397b
relay reply encrypted packet, circuit incoming:  0x403, outgoing: 0x03 
pkt from port: 57108, length: 115, contents: 0x610304f85b8bbb14be09e7c921cb824666bc82e6606dbe63461591ae83acf44ecea23e4b95476e268e816c67f3e88fb23dca66fd7d557a8dd02c82c3678db9a7d2e3a49e623f6665c7d6f191bd97277343650c85f4950c38fdfcb46ccd56744d0e8b4fe6886bd55f70b634c2f5447657
relay encrypted packet, circuit incoming: 0x03, outgoing: 0x403 
pkt from port: 57108, length: 115, contents: 0x6103049393d044f7561417241e6baf0d8fabde98a26b7ab1609a7fafe4d47f4191ce917a357e913d70aab7b9a1e07bec62168adfaab7b11665b79febd4ed2719c8efd4d5c4dd8648c38a6abc694cc3ebd9277c4b8f4537606abf313cf28d74eab72b5331cff5167278128f50e8
relay encrypted packet, circuit incoming: 0x03, outgoing: 0x403 
pkt from port: 57108, length: 115, contents: 0x610304b4d8d5a5eef46bbeea3c9255e8b4497d7d6a23c85b59dd97cab71417a57d8914ac4b6b5d61b0a29b4de1b8663e9eb60453f359731246689443c5062ce2cea6cf2a672f46ddb19f9cefe1d735f4d62596a5b8792379757bda9d163750cae23fbaa0c121ec8d658965a6bbefd6
relay encrypted packet, circuit incoming: 0x03, outgoing: 0x403 
pkt from port: 35536, length: 99, contents: 0x640300569d7bfee2702589a488e49a75a7927b2895f7acf75aad9492d1d33928fd569d7fb13a8d94e3b6594a6af13946dbccc995c3debe6b3081f677e52dd965c9922d3b28d15e5038475d57c6177b6f8046717d3757dd8a3a81769f1481c4c935d273
relay reply encrypted packet, circuit incoming:  0x403, outgoing: 0x03 
pkt from port: 57108, length: 115, contents: 0x61030453b8eb6bdba41bd6ea5dac51416e0b6cee7a2f53bc54d8f24a9a35c8b76e78d4603de225818b80ac6429c667658c214fb39e221827b3fbfc137d74bd7942ec9d83eac86a4c25a921841040508cb514d23e2427aa7483e01b209992bc79b9d0dd2675cbc369e6c11353f76070
relay encrypted packet, circuit incoming: 0x03, outgoing: 0x403 
pkt from port: 35536, length: 99, contents: 0x64030050e3c6ceef6ae2d4ece294bdb7f2ce06b3b47217bb7cdd534326e9711b44e54aac0ac3337c5292438831fa4afccf6ec322ed6b0e56120314ad9cffd1e4f26d1b970284217df0173831147954e2c5a9d5cfea3c57fa3c20123df9832af
relay reply encrypted packet, circuit incoming:  0x403, outgoing: 0x03 
pkt from port: 35536, length: 307, contents: 0x640300d3a063c8e33ee61c49d6273c5d6387cccae6f20d675ccc1207b48f6465e296af55e9118c1d668debca89e653fc97771a8c4b91ec7494745c6a0a16658cc1584fd281580308f972d2b719e6faf5ca843810925ae46167cb1896bc20b12519dff7916af77e4669d9c4901ca787483cff88a43f64178645bfbf48877f105c5885892389eae9fe62677a379a52f863f6747b2fe94765c34728c063447fcc4a32ed94d075a5fcdfeb113b28e48c3989bd369dffba669d9da573d8f83d55a74b66a02141e4bc89d961205622910d372ade6937a86bad3733bb6c813b49f9b88eab1304a51941d6b84682fec7767cb20b377d1aa1337ede1854eca24ecd5ed10165a95ff2fce85e88256ed1e6b27ffc1986b23c075105bc45679996436dcc56ea4a1bd01951f884262f93d1d9a5
relay reply encrypted packet, circuit incoming:  0x403, outgoing: 0x03 
pkt from port: 35536, length: 99, contents: 0x640300576ba9d193c887fbe468b89df53daa421a671a2dfd28aa4c5caa2ad515557676de44d81bbf1a5eeca8bbb1b12474946dea8b38c785826f37f66b8b4418e124e59ffe9313c51cfbf4c14cc8420fa8286b91bec8756d2fce79a14d3487da
relay reply encrypted packet, circuit incoming:  0x403, outgoing: 0x03 
pkt from port: 57108, length: 115, contents: 0x61030411387b2d1853fb9636ef275ec7514082666eb3e01c20426b7e6e29d085a022c1d4962786c413ab9d68c4783d5d062834298ce8c04e6427a126b44be37a374d5731b813f11b821ca3b3553d5182c9d323b8c184f86671ceeb6926db82fe681efb326d3d338fff2c180cf40bd4454
relay encrypted packet, circuit incoming: 0x03, outgoing: 0x403 
pkt from port: 35536, length: 307, contents: 0x64030061e68974ecc681112a944ef5d9565fcdba794bc8d599fc0a79fedb1e289b2b67a8d54233c1a0cd1f31b0d3e6966a5985171b11adfcac18db6379b46d7e78061a924ca46b4bffbd1c035bd8328d99af3c1dcdc9cb011646441951b2a58d7c7e95283665b02a8bce72ab1d28d49a8a921edcd756265d8c5af345684d920785b5567c02ad9268bdf709ae37b4c52a8172aad31d13b6f82fd16de4c274b8be3c506f6f604abfa5b13d34fa878532c55a9cff8503f862a9cd17f102fa8f73fb21a2bb7cf108fc988df6734ab1bdb54aef2303383c615721d758f9bfde1c57c7f8b8be77ea4b9a59a4f09184e747154f81147a2dea3c147be846f1b5542516962eefba25dca917e07a3b76ca9cdac624e27281d790cda2c6f9d5c986697aaa13577dd5cd3630be718429216c96
relay reply encrypted packet, circuit incoming:  0x403, outgoing: 0x03 
pkt from port: 57108, length: 115, contents: 0x6103041bf72ebf5539cd487f3e3e7da5cc6b75a26c3e76a4f7ffada45629135f5b8791a4ad711a609ec245696866c42daa26bb14c443566970d012bfbcb61110b5f098779fe66078a9c928c966dcc347ccfc685fe6426b21beae351df3ecafbbf2adaa202fea612b65eefc4d29933b3ea1d
relay encrypted packet, circuit incoming: 0x03, outgoing: 0x403 
pkt from port: 35536, length: 307, contents: 0x64030067e4bbf3eba86217bddc3ca23ae58cc2ecc4ba8e2c318ab26d59ff64a4a41b69a3da597c6dd86bcb438b34027ef62403bb7796c94f11648e5cdc72cf79e9f1d468f34981b5d7dbbc895d22f225e43c5938384f7d633587f1c39663053a948946eeee3c5496da6aadabf9fa9629777449d4ab511ead887286bdb805bb0c11fbc2e7c51bef7111e584a135dd2437cc6f51a8b3b48694ba93ec785d9de4596964c2256c706330f518c865bc85d391d2b3cc6a6c17701ff6a7e1be657586f9632a2f8e8864ab763d84654c9498bc0705f25466227ce81de2b8987e67cc634278997e51ebea461cddaeb5017ad3575928cc957b94059b541634dd6aea622c3376500438b85d191774612a98420a727cbc139b128d9eec7d9ed4ab5818fb129f153372964341e95cdfa28fd
relay reply encrypted packet, circuit incoming:  0x403, outgoing: 0x03 
pkt from port: 57108, length: 115, contents: 0x610304f136253fdc770cd48e6a8c847eaa30bde9349ab1f7a41dffcf1e15b566dd7d41f69fd833e2905e31266f9478156bc2d6991446c5c4bf6d82d8a3bc6996a46e1383e7ffd4e3d7d871afbdd785f1968efe3ff888f8e3f767084cf49faf7f9b83af9b9ce3edc86599e4c9c0690
relay encrypted packet, circuit incoming: 0x03, outgoing: 0x403 
pkt from port: 35536, length: 307, contents: 0x640300187ec95b675836e7e66b78f4746c2a62d57a858420295663e4de60c28313aab8255ed4e4dee1d29cb65aaf7f6b59794dbaea9c5d1f4a2537c068a521e0f596958b936456f77eb35397d99eb3ada73f243d32bccfac6392beaec25ad6035335a1e3b57f547744399afa697e9397ff0d1a9959146f54db839f1ed381b68c893ea1650b4741dac3c31cbdccd77f54e7a9718feb39cf7dda6244417226826b7ee21bb66d8e8a4f13877b3c4cfcafe1a5d43f227aac4acef1298d5aa5ec6d441b1de7c802210db310e3ea41355c82d31867ee6d3926dc26bce58432b334855f3bbba48b97df44c289e32885271fb9c76f7562be798b0c0e2b06948dd13947231ccadca2af5eb43cfc29db49d4fdf56f4732da4b775cd62984bf44cc607483a391d0bb886af09cf3794f
relay reply encrypted packet, circuit incoming:  0x403, outgoing: 0x03 
pkt from port: 57108, length: 115, contents: 0x6103049822f044d32b7d363471c1c229cbcadc3655485ff7c96e6dbcaf90fa9eb71c9c1d1cab65ab592c8b4376795458e675d4c804367bee27b343bbdf3c30eaacf8455c9a4f8c0fb266bbc2e4ed71e1cba5735faec4ba366c4e89f61f075bd294447d59b16d1a877e33c8f899efc1
relay encrypted packet, circuit incoming: 0x03, outgoing: 0x403 
